config file path : config.ini
[2022-08-03 07:21:46] Initializing...
FISCO-BCOS Version : 2.9.0
Build Time         : 20220516 06:12:02
Build Type         : Linux/clang/Release
Git Branch         : HEAD
Git Commit Hash    : b8a2362911462ccc3a19862bdd418b4f486f5601
[2022-08-03 07:21:46] The FISCO-BCOS is running...
[2022-08-03 07:43:21] FISCO-BCOS program exit normally.
config file path : config.ini
[2022-08-04 06:57:02] Initializing...
FISCO-BCOS Version : 2.9.0
Build Time         : 20220516 06:12:02
Build Type         : Linux/clang/Release
Git Branch         : HEAD
Git Commit Hash    : b8a2362911462ccc3a19862bdd418b4f486f5601
[2022-08-04 06:57:02] The FISCO-BCOS is running...
[2022-08-04 10:16:17] FISCO-BCOS program exit normally.
config file path : config.ini
[2022-08-05 03:01:06] Initializing...
FISCO-BCOS Version : 2.9.0
Build Time         : 20220516 06:12:02
Build Type         : Linux/clang/Release
Git Branch         : HEAD
Git Commit Hash    : b8a2362911462ccc3a19862bdd418b4f486f5601
[2022-08-05 03:01:06] The FISCO-BCOS is running...
[2022-08-05 03:18:54] FISCO-BCOS program exit normally.
config file path : config.ini
[2022-08-05 03:37:57] Initializing...
FISCO-BCOS Version : 2.9.0
Build Time         : 20220516 06:12:02
Build Type         : Linux/clang/Release
Git Branch         : HEAD
Git Commit Hash    : b8a2362911462ccc3a19862bdd418b4f486f5601
[2022-08-05 03:37:57] The FISCO-BCOS is running...
[2022-08-05 03:38:19] FISCO-BCOS program exit normally.
config file path : config.ini
[2022-08-08 03:22:56] Initializing...
FISCO-BCOS Version : 2.9.0
Build Time         : 20220516 06:12:02
Build Type         : Linux/clang/Release
Git Branch         : HEAD
Git Commit Hash    : b8a2362911462ccc3a19862bdd418b4f486f5601
[2022-08-08 03:22:56] The FISCO-BCOS is running...
[2022-08-08 03:23:18] FISCO-BCOS program exit normally.
config file path : config.ini
[2022-08-16 08:19:32] Initializing...
FISCO-BCOS Version : 2.9.0
Build Time         : 20220516 06:12:02
Build Type         : Linux/clang/Release
Git Branch         : HEAD
Git Commit Hash    : b8a2362911462ccc3a19862bdd418b4f486f5601
[2022-08-16 08:19:32] The FISCO-BCOS is running...
[2022-08-16 08:49:11] FISCO-BCOS program exit normally.
config file path : config.ini
[2022-08-16 21:35:29] Initializing...
FISCO-BCOS Version : 2.9.0
Build Time         : 20220516 06:12:02
Build Type         : Linux/clang/Release
Git Branch         : HEAD
Git Commit Hash    : b8a2362911462ccc3a19862bdd418b4f486f5601
[2022-08-16 21:35:29] The FISCO-BCOS is running...
[2022-08-16 21:46:09] FISCO-BCOS program exit normally.
config file path : config.ini
[2022-08-16 21:49:20] Initializing...
FISCO-BCOS Version : 2.9.0
Build Time         : 20220516 06:12:02
Build Type         : Linux/clang/Release
Git Branch         : HEAD
Git Commit Hash    : b8a2362911462ccc3a19862bdd418b4f486f5601
[2022-08-16 21:49:20] The FISCO-BCOS is running...
[2022-08-16 21:55:20] FISCO-BCOS program exit normally.
config file path : config.ini
[2022-08-16 21:55:22] Initializing...
FISCO-BCOS Version : 2.9.0
Build Time         : 20220516 06:12:02
Build Type         : Linux/clang/Release
Git Branch         : HEAD
Git Commit Hash    : b8a2362911462ccc3a19862bdd418b4f486f5601
[2022-08-16 21:55:22] The FISCO-BCOS is running...
[2022-08-16 23:28:36] FISCO-BCOS program exit normally.
config file path : config.ini
[2022-08-18 08:09:02] Initializing...
FISCO-BCOS Version : 2.9.0
Build Time         : 20220516 06:12:02
Build Type         : Linux/clang/Release
Git Branch         : HEAD
Git Commit Hash    : b8a2362911462ccc3a19862bdd418b4f486f5601
[2022-08-18 08:09:02] The FISCO-BCOS is running...
[2022-08-18 08:22:53] FISCO-BCOS program exit normally.
config file path : config.ini
[2022-08-18 08:23:48] Initializing...
FISCO-BCOS Version : 2.9.0
Build Time         : 20220516 06:12:02
Build Type         : Linux/clang/Release
Git Branch         : HEAD
Git Commit Hash    : b8a2362911462ccc3a19862bdd418b4f486f5601
[2022-08-18 08:23:48] The FISCO-BCOS is running...
[2022-08-18 08:25:59] FISCO-BCOS program exit normally.
