2022-10-09 02:54:01.170 INFO  org.fisco.bcos.sdk.BcosSDK 58 build -- create BcosSDK, configPath: /home/zy/fisco66/console/conf/config.toml
2022-10-09 02:54:01.329 INFO  org.fisco.bcos.sdk.network.ConnectionManager 88 <init> --  all connections, size: 2, list: [ConnectionInfo{host='127.0.0.1', port=20200}, ConnectionInfo{host='127.0.0.1', port=20201}]
2022-10-09 02:54:01.330 INFO  org.fisco.bcos.sdk.network.NetworkImp 167 start -- 
* TRACE INFORMATION:
----------------------------
====> STEP1: try to connect nodes with ecdsa context...

2022-10-09 02:54:01.330 INFO  org.fisco.bcos.sdk.network.NetworkImp 174 start -- ====> <==== STEP1-1: Load certificates for ecdsa context success..., start connManager with ECDSA sslContext
2022-10-09 02:54:01.358 INFO  org.fisco.bcos.sdk.network.ConnectionManager 238 initSslContext --  build ECDSA ssl context with configured certificates 
2022-10-09 02:54:01.561 INFO  io.netty.handler.ssl.OpenSsl 357 <clinit> -- Using supported configured namedGroups: [SM2, secp256k1, secp256r1, secp384r1, secp521r1]. Unsupported namedGroups: [x25519]. 
2022-10-09 02:54:01.824 INFO  org.fisco.bcos.sdk.network.ConnectionManager 402 checkConnectionResult --  ssl handshake success 127.0.0.1:20200
2022-10-09 02:54:01.824 INFO  org.fisco.bcos.sdk.network.ConnectionManager 402 checkConnectionResult --  ssl handshake success 127.0.0.1:20201
2022-10-09 02:54:01.828 INFO  org.fisco.bcos.sdk.network.ChannelHandler 73 userEventTriggered --  handshake success, host: 127.0.0.1, port: 20201, ctx: 242272260
2022-10-09 02:54:01.828 INFO  org.fisco.bcos.sdk.network.ChannelHandler 73 userEventTriggered --  handshake success, host: 127.0.0.1, port: 20200, ctx: 1727599618
2022-10-09 02:54:01.914 INFO  org.fisco.bcos.sdk.channel.ChannelMsgHandler$1 225 onResponse --  node: ClientVersion{version='2.9.1', supportedVersion='2.9.1', chainId='1', buildTime='20220922 08:57:35', buildType='Linux/g++/Release', gitBranch='HEAD', gitCommitHash='83a87ad749475c0edcc6d5ce2dabd328a36d3bae'}, content: {"id":0,"jsonrpc":"2.0","result":{"Build Time":"20220922 08:57:35","Build Type":"Linux/g++/Release","Chain Id":"1","FISCO-BCOS Version":"2.9.1","Git Branch":"HEAD","Git Commit Hash":"83a87ad749475c0edcc6d5ce2dabd328a36d3bae","Supported Version":"2.9.1"}}

2022-10-09 02:54:01.914 INFO  org.fisco.bcos.sdk.channel.ChannelMsgHandler$1 225 onResponse --  node: ClientVersion{version='2.9.1', supportedVersion='2.9.1', chainId='1', buildTime='20220922 08:57:35', buildType='Linux/g++/Release', gitBranch='HEAD', gitCommitHash='83a87ad749475c0edcc6d5ce2dabd328a36d3bae'}, content: {"id":1,"jsonrpc":"2.0","result":{"Build Time":"20220922 08:57:35","Build Type":"Linux/g++/Release","Chain Id":"1","FISCO-BCOS Version":"2.9.1","Git Branch":"HEAD","Git Commit Hash":"83a87ad749475c0edcc6d5ce2dabd328a36d3bae","Supported Version":"2.9.1"}}

2022-10-09 02:54:01.916 INFO  org.fisco.bcos.sdk.channel.ChannelMsgHandler$1 233 onResponse --  support channel handshake node
2022-10-09 02:54:01.916 INFO  org.fisco.bcos.sdk.channel.ChannelMsgHandler$1 233 onResponse --  support channel handshake node
2022-10-09 02:54:01.921 INFO  org.fisco.bcos.sdk.channel.ChannelMsgHandler$2 309 onResponse --  channel protocol handshake success, set socket channel protocol, host: 127.0.0.1:20200, channel protocol: ChannelProtocol [protocol=3, nodeVersion=2.9.1, EnumProtocol=VERSION_3]
2022-10-09 02:54:01.921 INFO  org.fisco.bcos.sdk.channel.ChannelMsgHandler$2 309 onResponse --  channel protocol handshake success, set socket channel protocol, host: 127.0.0.1:20201, channel protocol: ChannelProtocol [protocol=3, nodeVersion=2.9.1, EnumProtocol=VERSION_3]
2022-10-09 02:54:01.949 INFO  org.fisco.bcos.sdk.channel.ChannelImp 126 checkConnectionsToStartPeriodTask --  Connect to  nodes: 127.0.0.1:20200, 127.0.0.1:20201, 
2022-10-09 02:54:01.950 INFO  org.fisco.bcos.sdk.BcosSDK 77 <init> -- create BcosSDK, start channel success, cryptoType: 0
2022-10-09 02:54:01.952 INFO  org.fisco.bcos.sdk.BcosSDK 87 <init> -- create BcosSDK, start channel succ, channelProcessorThreadSize: 4, receiptProcessorThreadSize: 4
2022-10-09 02:54:01.961 INFO  org.fisco.bcos.sdk.service.GroupManagerServiceImpl 260 registerBlockNumberNotifyHandler -- registerBlockNumberNotifyHandler
2022-10-09 02:54:01.961 INFO  org.fisco.bcos.sdk.service.GroupManagerServiceImpl 282 registerTransactionNotifyHandler -- registerTransactionNotifyHandler
2022-10-09 02:54:01.989 INFO  org.fisco.bcos.sdk.BcosSDK 98 <init> -- create BcosSDK, create groupManagerService success
2022-10-09 02:54:02.547 INFO  org.fisco.bcos.sdk.amop.AmopImp 216 sendSubscribe -- update subscribe inform 2 peers
2022-10-09 02:54:02.551 INFO  org.fisco.bcos.sdk.amop.AmopImp 216 sendSubscribe -- update subscribe inform 2 peers
2022-10-09 02:54:02.552 INFO  org.fisco.bcos.sdk.amop.AmopImp 188 start -- amop module started
2022-10-09 02:54:02.552 INFO  org.fisco.bcos.sdk.amop.AmopImp 216 sendSubscribe -- update subscribe inform 2 peers
2022-10-09 02:54:02.553 INFO  org.fisco.bcos.sdk.BcosSDK 103 <init> -- create BcosSDK, create Amop success
2022-10-09 02:54:02.580 INFO  org.fisco.bcos.sdk.client.Client 114 build -- build client success for group 1, crypto type 0
2022-10-09 02:54:02.583 INFO  org.fisco.bcos.sdk.BcosSDK 178 getClient -- create client for group 1 success
2022-10-09 02:54:02.610 INFO  org.fisco.bcos.sdk.eventsub.EventSubscribeImp 173 resendWaitingFilters -- Resend waiting filters, size: 0
2022-10-09 02:54:02.612 INFO  org.fisco.bcos.sdk.eventsub.EventSubscribeImp 173 resendWaitingFilters -- Resend waiting filters, size: 0
2022-10-09 02:54:02.613 INFO  org.fisco.bcos.sdk.eventsub.EventSubscribeImp 173 resendWaitingFilters -- Resend waiting filters, size: 0
2022-10-09 02:54:02.615 INFO  org.fisco.bcos.sdk.eventsub.EventSubscribeImp 173 resendWaitingFilters -- Resend waiting filters, size: 0
2022-10-09 02:54:02.617 INFO  org.fisco.bcos.sdk.eventsub.EventSubscribeImp 173 resendWaitingFilters -- Resend waiting filters, size: 0
2022-10-09 02:54:02.619 INFO  org.fisco.bcos.sdk.eventsub.EventSubscribeImp 173 resendWaitingFilters -- Resend waiting filters, size: 0
2022-10-09 02:54:02.616 INFO  org.fisco.bcos.sdk.eventsub.EventSubscribeImp 173 resendWaitingFilters -- Resend waiting filters, size: 0
2022-10-09 02:54:02.626 INFO  org.fisco.bcos.sdk.eventsub.EventSubscribeImp 173 resendWaitingFilters -- Resend waiting filters, size: 0
2022-10-09 02:54:02.627 INFO  org.fisco.bcos.sdk.eventsub.EventSubscribeImp 173 resendWaitingFilters -- Resend waiting filters, size: 0
2022-10-09 02:54:02.636 INFO  org.fisco.bcos.sdk.eventsub.EventSubscribeImp 173 resendWaitingFilters -- Resend waiting filters, size: 0
2022-10-09 02:54:12.609 INFO  org.fisco.bcos.sdk.eventsub.EventSubscribeImp 173 resendWaitingFilters -- Resend waiting filters, size: 0
2022-10-09 02:54:12.611 INFO  org.fisco.bcos.sdk.eventsub.EventSubscribeImp 173 resendWaitingFilters -- Resend waiting filters, size: 0
2022-10-09 02:54:12.614 INFO  org.fisco.bcos.sdk.eventsub.EventSubscribeImp 173 resendWaitingFilters -- Resend waiting filters, size: 0
2022-10-09 02:54:12.614 INFO  org.fisco.bcos.sdk.eventsub.EventSubscribeImp 173 resendWaitingFilters -- Resend waiting filters, size: 0
2022-10-09 02:54:12.616 INFO  org.fisco.bcos.sdk.eventsub.EventSubscribeImp 173 resendWaitingFilters -- Resend waiting filters, size: 0
2022-10-09 02:54:12.617 INFO  org.fisco.bcos.sdk.eventsub.EventSubscribeImp 173 resendWaitingFilters -- Resend waiting filters, size: 0
2022-10-09 02:54:12.620 INFO  org.fisco.bcos.sdk.eventsub.EventSubscribeImp 173 resendWaitingFilters -- Resend waiting filters, size: 0
2022-10-09 02:54:12.626 INFO  org.fisco.bcos.sdk.eventsub.EventSubscribeImp 173 resendWaitingFilters -- Resend waiting filters, size: 0
2022-10-09 02:54:12.628 INFO  org.fisco.bcos.sdk.eventsub.EventSubscribeImp 173 resendWaitingFilters -- Resend waiting filters, size: 0
2022-10-09 02:54:12.636 INFO  org.fisco.bcos.sdk.eventsub.EventSubscribeImp 173 resendWaitingFilters -- Resend waiting filters, size: 0
