info|2022-08-08 03:22:56.337729|[INITIALIZER][initGlobalConfig],enableCompress=true,compatibilityVersion=2.9.0,versionNumber=34144256,enableStat=false,chainId=1,useSMCrypto=false
info|2022-08-08 03:22:56.339107|[INITIALIZER][SecureInitializer]loading privateKey
info|2022-08-08 03:22:56.356278|[INITIALIZER][SecureInitializer]get pub of node,nodeID=9d3948aa431619d004ff74803e326dd571d26c64c94cf9b3c58fccdfa444017ca15a6fa6c6ead5e5704b4af0f36d4373e660575a406d49c880cf75df925f12af
info|2022-08-08 03:22:56.356835|[INITIALIZER][SecureInitializer]use user certificate,file=conf//node.crt
info|2022-08-08 03:22:56.357461|[INITIALIZER][SecureInitializer]use ca certificate,file=conf//ca.crt
info|2022-08-08 03:22:56.357523|[INITIALIZER][SecureInitializer]use ca,file=conf//
info|2022-08-08 03:22:56.357563|[INITIALIZER][SecureInitializer][initChannelCertConfig]enable rsa cert for channel ,conf//channel_cert/ certs will be used for channel ssl,dataPath=conf/
info|2022-08-08 03:22:56.363345|[NETWORK][Host]Connecting to node,endpoint=127.0.0.1:30300
info|2022-08-08 03:22:56.363376|[NETWORK][Host]P2P StartAccept,Host=0.0.0.0:30303
info|2022-08-08 03:22:56.363992|[NETWORK][Host]Connecting to node,endpoint=127.0.0.1:30301
info|2022-08-08 03:22:56.364037|[NETWORK][Host]Connecting to node,endpoint=127.0.0.1:30302
info|2022-08-08 03:22:56.364057|[NETWORK][Host]Connecting to node,endpoint=127.0.0.1:30303
info|2022-08-08 03:22:56.364074|[P2P][Service] heartBeat,connected count=0
info|2022-08-08 03:22:56.364091|[INITIALIZER][RPCInitializer],network_security.check_cert_issuer=true
info|2022-08-08 03:22:56.364675|[NETWORK][ASIO]asyncResolveConnect,endpoint=127.0.0.1:30300
info|2022-08-08 03:22:56.364813|[NETWORK][ASIO]asyncResolveConnect,endpoint=127.0.0.1:30301
info|2022-08-08 03:22:56.365086|[NETWORK][ASIO]asyncResolveConnect,endpoint=127.0.0.1:30302
info|2022-08-08 03:22:56.365147|[NETWORK][ASIO]asyncResolveConnect,endpoint=127.0.0.1:30303
info|2022-08-08 03:22:56.365232|[NETWORK][Host]P2P Recv Connect, From=127.0.0.1:54592
info|2022-08-08 03:22:56.365271|[NETWORK][Host]P2P StartAccept,Host=0.0.0.0:30303
info|2022-08-08 03:22:56.367398|[NETWORK][Host]P2P Recv Connect, From=127.0.0.1:54594
info|2022-08-08 03:22:56.367449|[NETWORK][Host]P2P StartAccept,Host=0.0.0.0:30303
info|2022-08-08 03:22:56.367831|[CHANNEL]ChannelRPCServer started
info|2022-08-08 03:22:56.367841|[INITIALIZER][RPCInitializer: ChannelRPCHttpServer started.],disableDynamicGroup=false
info|2022-08-08 03:22:56.367846|[INITIALIZER][LedgerInitializer]initConfig
info|2022-08-08 03:22:56.367852|[LedgerInitializer],groupConfigPath=conf/
error|2022-08-08 03:22:56.370480|[NETWORK][Host]Get ca basic failed
info|2022-08-08 03:22:56.371881|[INITIALIZER][initSingleLedger] [GroupId], LedgerConstructor:  1,configFileName=conf/group.1.genesis,dataDir=data/
info|2022-08-08 03:22:56.372674|[g:1][LedgerParam][parseGenesisConfig]initConsensusConfig/initStorageConfig/initTxConfig,configFile=conf/group.1.genesis
info|2022-08-08 03:22:56.372687|[g:1][LedgerParam][initConsensusConfig],type=pbft,consensusTimeout=3,maxTxNum=1000,txGasLimit=300000000
info|2022-08-08 03:22:56.372696|[g:1][LedgerParam][parsePublicKeyListOfSection],sectionName=consensus,it.first=59ffabac844c905d3ea58ee863fde935d3594ebe5c3c1b725b125b6b6ac7da975d08e8060a8c0e5a16e6a6e6ebe0fa5382c68264e4ba07487aa94d9d0956799b
info|2022-08-08 03:22:56.372743|[g:1][LedgerParam][parsePublicKeyListOfSection],sectionName=consensus,it.first=180d17cdc22109b0cc990b92b09f7e14deacbe2339cd2b4e598ef6807eb131fb81eed025f85a21689463f2d2172d560c60b8122594514ec4ea01b0bfbe52be33
info|2022-08-08 03:22:56.372751|[g:1][LedgerParam][parsePublicKeyListOfSection],sectionName=consensus,it.first=2f7817c4681c10f279b6b78823826c388b1696386caa4920356cc4b64ee485fbf2920001ea416eae467caf8912a206156e467362d3d03d004fe512b0e1849712
info|2022-08-08 03:22:56.372757|[g:1][LedgerParam][parsePublicKeyListOfSection],sectionName=consensus,it.first=9d3948aa431619d004ff74803e326dd571d26c64c94cf9b3c58fccdfa444017ca15a6fa6c6ead5e5704b4af0f36d4373e660575a406d49c880cf75df925f12af
info|2022-08-08 03:22:56.372760|[g:1][LedgerParam][parsePublicKeyListOfSection],totalPubKeySize=4
info|2022-08-08 03:22:56.372779|[g:1][LedgerParam][max_block_range],maxBlockRange=0,maxBlockPerProcess=3
info|2022-08-08 03:22:56.372784|[g:1][LedgerParam][parseGenesisConfig],timestamp=1659536104000
info|2022-08-08 03:22:56.372790|[g:1][LedgerParam]setEVMFlags,enableFreeStorageVMSchedule=false,evmFlags=0
info|2022-08-08 03:22:56.372800|[g:1][LedgerParam]store evmFlag,evmFlag=0
info|2022-08-08 03:22:56.372803|[g:1][LedgerParam]store consensus time,consensusTimeout=3
info|2022-08-08 03:22:56.372806|[g:1][LedgerParam][initMark],genesisMark=1-180d17cdc22109b0cc990b92b09f7e14deacbe2339cd2b4e598ef6807eb131fb81eed025f85a21689463f2d2172d560c60b8122594514ec4ea01b0bfbe52be33,2f7817c4681c10f279b6b78823826c388b1696386caa4920356cc4b64ee485fbf2920001ea416eae467caf8912a206156e467362d3d03d004fe512b0e1849712,59ffabac844c905d3ea58ee863fde935d3594ebe5c3c1b725b125b6b6ac7da975d08e8060a8c0e5a16e6a6e6ebe0fa5382c68264e4ba07487aa94d9d0956799b,9d3948aa431619d004ff74803e326dd571d26c64c94cf9b3c58fccdfa444017ca15a6fa6c6ead5e5704b4af0f36d4373e660575a406d49c880cf75df925f12af,-pbft-storage-0-1000-300000000-3
info|2022-08-08 03:22:56.372810|[g:1][LedgerParam][initIniConfig]initTxPoolConfig/initSyncConfig/initTxExecuteConfig,configFile=conf/group.1.ini
info|2022-08-08 03:22:56.373301|[g:1][LedgerParam][initStorageConfig],stateType=storage,storageDB=rocksdb,storagePath=data//group1/block/RocksDB,baseDir=data//group1,dbtype=mysql,dbip=127.0.0.1,dbport=3306,dbcharset=utf8mb4,initconnections=15,maxconnections=50,scrollThreshold=2000
info|2022-08-08 03:22:56.373314|[g:1][LedgerParam][initTxPoolConfig],txPoolLimit=150000,memorySizeLimit(MB)=512,notifyWorkerNum=2,txsExpirationTime(ms)=600000
info|2022-08-08 03:22:56.373320|[g:1][LedgerParam][initSyncConfig],idleWaitMs=200
info|2022-08-08 03:22:56.373325|[g:1][LedgerParam][initSyncConfig],enableSendTxsByTree=true,enableSendBlockStatusByTree=true
info|2022-08-08 03:22:56.373329|[g:1][LedgerParam][initSyncConfig],gossipInterval=1000
info|2022-08-08 03:22:56.373335|[g:1][LedgerParam][initSyncConfig],enableSendBlockStatusByTree=true,gossipInterval=1000,gossipPeers=3,syncTreeWidth=3,maxQueueSizeForBlockSync=536870912,txsStatusGossipMaxPeers=5
info|2022-08-08 03:22:56.373339|[g:1][LedgerParam][InitTxExecuteConfig],enableParallel=true
info|2022-08-08 03:22:56.373367|[g:1][LedgerParam][initConsensusIniConfig],maxTTL=2,minBlockGenerationTime=500,enablDynamicBlockSize=true,blockSizeIncreaseRatio=0.5,enableTTLOptimize=true,enablePrepareWithTxsHash=true
info|2022-08-08 03:22:56.373385|[g:1][LedgerParam][initRPBFTConsensusIniConfig],broadcastPrepareByTree=true,prepareStatusBroadcastPercent=33,maxRequestMissedTxsWaitTime=100,maxRequestPrepareWaitTime=100
info|2022-08-08 03:22:56.373389|[g:1][LedgerParam][initFlowControlConfig],maxQPS=9223372036854775807,outGoingBandwidth(Bytes)=9223372036854775807
info|2022-08-08 03:22:56.373392|[g:1][LedgerParam]parseSDKAllowList,sdkAllowList=[],enableSDKAllowListControl=false
info|2022-08-08 03:22:56.373403|[g:1][LEDGER][initLedger][DBInitializer]
info|2022-08-08 03:22:56.373407|[g:1][LEDGER]setSDKAllowList,groupId=1,sdkAllowListSize=0
info|2022-08-08 03:22:56.373410|[g:1][CHANNEL]registerSDKAllowListByGroupId,groupId=1,size=0
info|2022-08-08 03:22:56.373413|[g:1][CHANNEL]Disable group-level sdk permission control for sdk allowlist is empty
info|2022-08-08 03:22:56.373416|[g:1][DBINITIALIZER] [initStorageDB]
info|2022-08-08 03:22:56.373419|[g:1][DBINITIALIZER] [initRocksDBStorage]
info|2022-08-08 03:22:56.375235|[g:1][ROCKSDB]open rocksDB handler,path=data//group1/block/RocksDB
error|2022-08-08 03:22:56.378507|[NETWORK][Host]Get ca basic failed
info|2022-08-08 03:22:56.381171|[NETWORK][Host]P2P Recv Connect, From=127.0.0.1:54596
info|2022-08-08 03:22:56.382921|[NETWORK][Host]P2P StartAccept,Host=0.0.0.0:30303
error|2022-08-08 03:22:56.383103|[NETWORK][Host]Get ca basic failed
error|2022-08-08 03:22:56.387820|[NETWORK][Host]Get ca basic failed
info|2022-08-08 03:22:56.396902|[NETWORK][Host]P2P Recv Connect, From=127.0.0.1:54598
info|2022-08-08 03:22:56.396961|[NETWORK][Host]P2P StartAccept,Host=0.0.0.0:30303
error|2022-08-08 03:22:56.397148|[NETWORK][Host]Get ca basic failed
error|2022-08-08 03:22:56.399775|[NETWORK][Host]Get ca basic failed
info|2022-08-08 03:22:56.402709|[NETWORK][Host]handshakeServer succ,remote endpoint=127.0.0.1:54594
info|2022-08-08 03:22:56.402771|[NETWORK][Host]startPeerSession, Remote=127.0.0.1:54594,local endpoint=127.0.0.1:30303,nodeID=9d3948aa...
info|2022-08-08 03:22:56.402850|[NETWORK][Host]handshakeServer succ,remote endpoint=127.0.0.1:54592
info|2022-08-08 03:22:56.402894|[NETWORK][Host]startPeerSession, Remote=127.0.0.1:54592,local endpoint=127.0.0.1:30303,nodeID=180d17cd...
info|2022-08-08 03:22:56.402963|[P2P][Service] Connection established,nodeID=180d17cd...,endpoint=127.0.0.1:54592
info|2022-08-08 03:22:56.403052|[NETWORK][Host]handshakeClient succ,local endpoint=127.0.0.1:54114
info|2022-08-08 03:22:56.403103|[NETWORK][Host]startPeerSession, Remote=127.0.0.1:30302,local endpoint=127.0.0.1:54114,nodeID=2f7817c4...
info|2022-08-08 03:22:56.403167|[P2P][Service] Connection established,nodeID=2f7817c4...,endpoint=127.0.0.1:30302
info|2022-08-08 03:22:56.403235|[NETWORK][Host]handshakeClient succ,local endpoint=127.0.0.1:54594
info|2022-08-08 03:22:56.403269|[NETWORK][Host]startPeerSession, Remote=127.0.0.1:30303,local endpoint=127.0.0.1:54594,nodeID=9d3948aa...
info|2022-08-08 03:22:56.403398|[NETWORK][Host]handshakeClient succ,local endpoint=127.0.0.1:43880
info|2022-08-08 03:22:56.403431|[NETWORK][Host]startPeerSession, Remote=127.0.0.1:30301,local endpoint=127.0.0.1:43880,nodeID=180d17cd...
warning|2022-08-08 03:22:56.403953|[NETWORK][Session]doRead error,endpoint=127.0.0.1:54592,message=short read
info|2022-08-08 03:22:56.403980|[NETWORK][Session]drop, call and erase all callbackFunc in this session!,endpoint=127.0.0.1:54592
warning|2022-08-08 03:22:56.404004|[NETWORK][Session][drop] closing remote 127.0.0.1:54592,reason=Low-level TCP communication error.,endpoint=127.0.0.1:54592
warning|2022-08-08 03:22:56.404102|[P2P][Service] disconnect error P2PSession,nodeID=180d17cd...,endpoint=127.0.0.1:54592,errorCode=3,what=Disconnect
error|2022-08-08 03:22:56.404137|[NETWORK][Session]Session inactived
error|2022-08-08 03:22:56.404211|[NETWORK][Session]Session inactived
warning|2022-08-08 03:22:56.404235|[P2P][Service] onDisconnect,errorCode=3,what=Dynamic exception type: dev::network::NetworkException
std::exception::what: Disconnect

warning|2022-08-08 03:22:56.404223|[NETWORK][Session][drop] shutdown failed ,errorValue=9,message=Bad file descriptor
error|2022-08-08 03:22:56.411812|[NETWORK][Host]Get ca basic failed
info|2022-08-08 03:22:56.413684|[g:1][g:1][STORAGE][CachedStorage]Init flushStorage thread
info|2022-08-08 03:22:56.413739|[NETWORK][Host]handshakeServer succ,remote endpoint=127.0.0.1:54596
info|2022-08-08 03:22:56.413771|[NETWORK][Host]startPeerSession, Remote=127.0.0.1:54596,local endpoint=127.0.0.1:30303,nodeID=2f7817c4...
info|2022-08-08 03:22:56.413827|[NETWORK][Host]handshakeClient succ,local endpoint=127.0.0.1:50824
info|2022-08-08 03:22:56.413846|[NETWORK][Host]startPeerSession, Remote=127.0.0.1:30300,local endpoint=127.0.0.1:50824,nodeID=59ffabac...
info|2022-08-08 03:22:56.414025|[P2P][Service] Connection established,nodeID=59ffabac...,endpoint=127.0.0.1:30300
info|2022-08-08 03:22:56.414357|[g:1][DBINITIALIZER] [init CachedStorage],maxCapacity=32,maxForwardBlock=10
info|2022-08-08 03:22:56.414395|[g:1][LEDGER][initLedger][initBlockChain]
info|2022-08-08 03:22:56.416409|[g:1][LEDGER]set enableHexBlock to be false,version=34144256
info|2022-08-08 03:22:56.417044|[g:1][BLOCKCHAIN][#checkAndBuildGenesisBlock],shouldBuild=false
info|2022-08-08 03:22:56.422324|[g:1][BLOCKCHAIN][#checkAndBuildGenesisBlock]Already have the 0th block, 0th groupMark is equal to file groupMark.
info|2022-08-08 03:22:56.422333|[g:1][LEDGER][initLedger]initBlockChain SUCC
info|2022-08-08 03:22:56.422390|[g:1][DBINITIALIZER] [createStateFactory],type=storage
info|2022-08-08 03:22:56.422395|[g:1][DBINITIALIZER] createStorageState SUCC
info|2022-08-08 03:22:56.422397|[g:1][DBINITIALIZER] [createStateFactory SUCC]
info|2022-08-08 03:22:56.422399|[g:1][DBINITIALIZER] createExecutiveContext...
info|2022-08-08 03:22:56.423289|[g:1][LEDGER]createGasMetric,vmFlagType=0
info|2022-08-08 03:22:56.423296|[g:1][LEDGER]createGasMetric
info|2022-08-08 03:22:56.423304|[g:1][DBINITIALIZER] create precompiledGasFactory and precompiledResultFactory
info|2022-08-08 03:22:56.423306|[g:1][DBINITIALIZER] createExecutiveContext SUCC
info|2022-08-08 03:22:56.423311|[g:1][DBINITIALIZER] [setSyncNumForCachedStorage],syncNum=1
info|2022-08-08 03:22:56.423316|[g:1][LEDGER][initNetworkBandWidthLimiter: outGoingBandwidthLimit has been disabled],groupId=1
info|2022-08-08 03:22:56.423319|[g:1][LEDGER][QPSLimit has been disabled],groupId=1
info|2022-08-08 03:22:56.423321|[g:1][LEDGER][initLedger][initBlockVerifier]
info|2022-08-08 03:22:56.423325|[g:1][LEDGER][initLedger][initBlockVerifier SUCC],evmFlags=0
info|2022-08-08 03:22:56.423328|[g:1][LEDGER][initLedger][initTxPool],txPoolLimit=150000
info|2022-08-08 03:22:56.424885|[g:1][LEDGER][initLedger]initTxPool SUCC
info|2022-08-08 03:22:56.424909|[g:1][LEDGER][initLedger][initSync],idleWaitMs=200,gossipInterval=1000,gossipPeers=3
info|2022-08-08 03:22:56.424914|[g:1][LEDGER]Init sync master,enableSendBlockStatusByTree=true,enableSendTxsByTree=true
info|2022-08-08 03:22:56.427004|[g:1][LEDGER][initLedger]initSync SUCC
info|2022-08-08 03:22:56.427013|[g:1][LEDGER][initLedger][consensusInitFactory]
info|2022-08-08 03:22:56.427032|[g:1][LEDGER][initLedger][createPBFTSealer]
info|2022-08-08 03:22:56.427035|[g:1][LEDGER][initLedger][createPBFTSealer],baseDir=data//group1,Protocol=65544
info|2022-08-08 03:22:56.427100|[g:1][LEDGER][initLedger]createPBFTSealer for PBFT or rPBFT,consensusType=pbft
info|2022-08-08 03:22:56.427109|[g:1][LEDGER]createConsensusEngine: create PBFTEngine
info|2022-08-08 03:22:56.427115|[g:1][CONSENSUS][PBFT]Register handler for PBFTEngine
error|2022-08-08 03:22:56.427747|[NETWORK][Host]Get ca basic failed
info|2022-08-08 03:22:56.431293|[g:1][CONSENSUS][PBFT]setMinBlockGenerationTime,minBlockGenerationTime=500,consensusTime=1000
info|2022-08-08 03:22:56.431306|[g:1][LEDGER][initEventLogFilterManager]initEventLogFilterManager SUCC
info|2022-08-08 03:22:56.431309|[LedgerInitializer init group succ],groupID=1
info|2022-08-08 03:22:56.431554|[NETWORK][Host]handshakeServer succ,remote endpoint=127.0.0.1:54598
info|2022-08-08 03:22:56.431575|[NETWORK][Host]startPeerSession, Remote=127.0.0.1:54598,local endpoint=127.0.0.1:30303,nodeID=59ffabac...
info|2022-08-08 03:22:56.431593|[INITIALIZER][RPCInitializer JsonrpcHttpServer started],jsonrpc_IP=127.0.0.1,jsonrpc_listen_port=8548,ipv6=false,disableDynamicGroup=false
info|2022-08-08 03:22:56.431621|[g:1][LEDGER]startAll...
info|2022-08-08 03:22:56.432853|[g:1][NodeTimeMaintenance]updateTimeInfo: update median time offset,updatedMedianTimeOffset=0,peer=2f7817c4...,peerTime=1659954176432,peerOffset=0,utcTime=1659954176432
info|2022-08-08 03:22:56.433187|[g:1][SYNC][id:9d3948aa...]DownloadingBlockQueue: clearQueue and ReleaseFreeMemory
info|2022-08-08 03:22:56.433606|[g:1][GossipBlockStatus]start GossipBlockStatus succ
info|2022-08-08 03:22:56.433638|[g:1][CONSENSUS][ConsensusEngine][Start ConsensusEngineBase]
info|2022-08-08 03:22:56.433682|[g:1][NodeTimeMaintenance]updateTimeInfo: update median time offset,updatedMedianTimeOffset=0,peer=59ffabac...,peerTime=1659954176432,peerOffset=-1,utcTime=1659954176433
info|2022-08-08 03:22:56.434072|[g:1][CONSENSUS][PBFT]^^^^^^^^Report,num=1,sealerIdx=2,hash=311df853...,next=2,tx=1,nodeIdx=3
info|2022-08-08 03:22:56.434709|[g:1][ROCKSDB]open rocksDB handler,path=data//group1/pbftMsgBackup/RocksDB
info|2022-08-08 03:22:56.456738|[g:1][CONSENSUS][PBFT][PBFT init env successfully]
info|2022-08-08 03:22:56.456748|[g:1][CONSENSUS][PBFT][Start PBFTEngine...]
info|2022-08-08 03:22:56.456752|[g:1][CONSENSUS][SEALER][Start sealer module]
info|2022-08-08 03:22:56.457052|[g:1][SYNC][id:9d3948aa...]DownloadingBlockQueue: clearQueue and ReleaseFreeMemory
info|2022-08-08 03:22:56.457212|[g:1][EVENT][EventLogFilterManager]start,m_maxBlockRange=0,m_maxBlockPerLoopFilter=3
info|2022-08-08 03:22:56.657756|[g:1][SYNC][id:9d3948aa...]DownloadingBlockQueue: clearQueue and ReleaseFreeMemory
info|2022-08-08 03:22:56.858572|[g:1][SYNC][id:9d3948aa...]DownloadingBlockQueue: clearQueue and ReleaseFreeMemory
info|2022-08-08 03:22:57.058904|[g:1][SYNC][id:9d3948aa...]DownloadingBlockQueue: clearQueue and ReleaseFreeMemory
info|2022-08-08 03:22:57.259223|[g:1][SYNC][id:9d3948aa...]DownloadingBlockQueue: clearQueue and ReleaseFreeMemory
info|2022-08-08 03:22:57.459759|[g:1][SYNC][id:9d3948aa...]DownloadingBlockQueue: clearQueue and ReleaseFreeMemory
info|2022-08-08 03:22:57.473122|[g:1][CONSENSUS]addRawPrepare,height=2,reqIdx=1,hash=8ae1dd76...,time=0
info|2022-08-08 03:22:57.473385|[g:1][SYNC][id:9d3948aa...]DownloadingBlockQueue: clearQueue and ReleaseFreeMemory
info|2022-08-08 03:22:57.473870|[g:1][CONSENSUS][PBFT]checkTimeout Succ,view=0,toView=1,nodeIdx=3,changeCycle=1,myNode=9d3948aa...,timecost=0
info|2022-08-08 03:22:57.474082|[g:1][SYNC][id:9d3948aa...]DownloadingBlockQueue: clearQueue and ReleaseFreeMemory
info|2022-08-08 03:22:57.476972|[g:1][CONSENSUS][PBFT]checkAndChangeView: Reach consensus,org_view=0,cur_changeCycle=1,curView=0,view=1
info|2022-08-08 03:22:57.477142|[g:1][SYNC][id:9d3948aa...]DownloadingBlockQueue: clearQueue and ReleaseFreeMemory
info|2022-08-08 03:22:57.677563|[g:1][SYNC][id:9d3948aa...]DownloadingBlockQueue: clearQueue and ReleaseFreeMemory
info|2022-08-08 03:22:57.878396|[g:1][SYNC][id:9d3948aa...]DownloadingBlockQueue: clearQueue and ReleaseFreeMemory
info|2022-08-08 03:22:58.078703|[g:1][SYNC][id:9d3948aa...]DownloadingBlockQueue: clearQueue and ReleaseFreeMemory
info|2022-08-08 03:22:58.279155|[g:1][SYNC][id:9d3948aa...]DownloadingBlockQueue: clearQueue and ReleaseFreeMemory
info|2022-08-08 03:22:58.479530|[g:1][SYNC][id:9d3948aa...]DownloadingBlockQueue: clearQueue and ReleaseFreeMemory
info|2022-08-08 03:22:58.481391|[g:1][CONSENSUS]addRawPrepare,height=2,reqIdx=2,hash=b70ad7fb...,time=0
info|2022-08-08 03:22:58.481917|[g:1][SYNC][id:9d3948aa...]DownloadingBlockQueue: clearQueue and ReleaseFreeMemory
info|2022-08-08 03:22:58.482258|[g:1][CONSENSUS][PBFT]checkTimeout Succ,view=1,toView=2,nodeIdx=3,changeCycle=1,myNode=9d3948aa...,timecost=1
info|2022-08-08 03:22:58.482806|[g:1][SYNC][id:9d3948aa...]DownloadingBlockQueue: clearQueue and ReleaseFreeMemory
info|2022-08-08 03:22:58.483142|[g:1][CONSENSUS][PBFT]checkAndChangeView: Reach consensus,org_view=1,cur_changeCycle=1,curView=1,view=2
info|2022-08-08 03:22:58.483292|[g:1][SYNC][id:9d3948aa...]DownloadingBlockQueue: clearQueue and ReleaseFreeMemory
info|2022-08-08 03:22:58.684177|[g:1][SYNC][id:9d3948aa...]DownloadingBlockQueue: clearQueue and ReleaseFreeMemory
info|2022-08-08 03:22:58.884977|[g:1][SYNC][id:9d3948aa...]DownloadingBlockQueue: clearQueue and ReleaseFreeMemory
info|2022-08-08 03:22:59.085870|[g:1][SYNC][id:9d3948aa...]DownloadingBlockQueue: clearQueue and ReleaseFreeMemory
info|2022-08-08 03:22:59.286799|[g:1][SYNC][id:9d3948aa...]DownloadingBlockQueue: clearQueue and ReleaseFreeMemory
info|2022-08-08 03:22:59.485090|[g:1][CONSENSUS][SEALER]++++++++++++++++ Generating seal on,blkNum=2,tx=0,nodeIdx=3,hash=4462db99...
info|2022-08-08 03:22:59.485378|[g:1][SYNC][id:9d3948aa...]DownloadingBlockQueue: clearQueue and ReleaseFreeMemory
info|2022-08-08 03:22:59.488147|[g:1][SYNC][id:9d3948aa...]DownloadingBlockQueue: clearQueue and ReleaseFreeMemory
info|2022-08-08 03:22:59.488358|[g:1][CONSENSUS][PBFT]checkTimeout Succ,view=2,toView=3,nodeIdx=3,changeCycle=1,myNode=9d3948aa...,timecost=1
info|2022-08-08 03:22:59.488894|[g:1][SYNC][id:9d3948aa...]DownloadingBlockQueue: clearQueue and ReleaseFreeMemory
info|2022-08-08 03:22:59.489800|[g:1][CONSENSUS][PBFT]checkAndChangeView: Reach consensus,org_view=2,cur_changeCycle=1,curView=2,view=3
info|2022-08-08 03:22:59.489956|[g:1][SYNC][id:9d3948aa...]DownloadingBlockQueue: clearQueue and ReleaseFreeMemory
info|2022-08-08 03:22:59.690547|[g:1][SYNC][id:9d3948aa...]DownloadingBlockQueue: clearQueue and ReleaseFreeMemory
info|2022-08-08 03:22:59.890683|[g:1][SYNC][id:9d3948aa...]DownloadingBlockQueue: clearQueue and ReleaseFreeMemory
info|2022-08-08 03:23:00.091184|[g:1][SYNC][id:9d3948aa...]DownloadingBlockQueue: clearQueue and ReleaseFreeMemory
info|2022-08-08 03:23:00.291994|[g:1][SYNC][id:9d3948aa...]DownloadingBlockQueue: clearQueue and ReleaseFreeMemory
info|2022-08-08 03:23:00.492432|[g:1][SYNC][id:9d3948aa...]DownloadingBlockQueue: clearQueue and ReleaseFreeMemory
info|2022-08-08 03:23:00.493007|[g:1][CONSENSUS]addRawPrepare,height=2,reqIdx=0,hash=63923607...,time=0
info|2022-08-08 03:23:00.493522|[g:1][SYNC][id:9d3948aa...]DownloadingBlockQueue: clearQueue and ReleaseFreeMemory
info|2022-08-08 03:23:00.493624|[g:1][CONSENSUS][PBFT]checkTimeout Succ,view=3,toView=4,nodeIdx=3,changeCycle=1,myNode=9d3948aa...,timecost=0
info|2022-08-08 03:23:00.494127|[g:1][SYNC][id:9d3948aa...]DownloadingBlockQueue: clearQueue and ReleaseFreeMemory
info|2022-08-08 03:23:00.494785|[g:1][CONSENSUS][PBFT]checkAndChangeView: Reach consensus,org_view=3,cur_changeCycle=1,curView=3,view=4
info|2022-08-08 03:23:00.495009|[g:1][SYNC][id:9d3948aa...]DownloadingBlockQueue: clearQueue and ReleaseFreeMemory
info|2022-08-08 03:23:00.695759|[g:1][SYNC][id:9d3948aa...]DownloadingBlockQueue: clearQueue and ReleaseFreeMemory
info|2022-08-08 03:23:00.896510|[g:1][SYNC][id:9d3948aa...]DownloadingBlockQueue: clearQueue and ReleaseFreeMemory
info|2022-08-08 03:23:01.097233|[g:1][SYNC][id:9d3948aa...]DownloadingBlockQueue: clearQueue and ReleaseFreeMemory
info|2022-08-08 03:23:01.297547|[g:1][SYNC][id:9d3948aa...]DownloadingBlockQueue: clearQueue and ReleaseFreeMemory
info|2022-08-08 03:23:01.497924|[g:1][SYNC][id:9d3948aa...]DownloadingBlockQueue: clearQueue and ReleaseFreeMemory
info|2022-08-08 03:23:01.499018|[g:1][CONSENSUS]addRawPrepare,height=2,reqIdx=1,hash=e77e70c3...,time=0
info|2022-08-08 03:23:01.499301|[g:1][SYNC][id:9d3948aa...]DownloadingBlockQueue: clearQueue and ReleaseFreeMemory
info|2022-08-08 03:23:01.499625|[g:1][CONSENSUS][PBFT]checkTimeout Succ,view=4,toView=5,nodeIdx=3,changeCycle=1,myNode=9d3948aa...,timecost=0
info|2022-08-08 03:23:01.499973|[g:1][SYNC][id:9d3948aa...]DownloadingBlockQueue: clearQueue and ReleaseFreeMemory
info|2022-08-08 03:23:01.501173|[g:1][CONSENSUS][PBFT]checkAndChangeView: Reach consensus,org_view=4,cur_changeCycle=1,curView=4,view=5
info|2022-08-08 03:23:01.501353|[g:1][SYNC][id:9d3948aa...]DownloadingBlockQueue: clearQueue and ReleaseFreeMemory
info|2022-08-08 03:23:01.702357|[g:1][SYNC][id:9d3948aa...]DownloadingBlockQueue: clearQueue and ReleaseFreeMemory
info|2022-08-08 03:23:01.903487|[g:1][SYNC][id:9d3948aa...]DownloadingBlockQueue: clearQueue and ReleaseFreeMemory
info|2022-08-08 03:23:02.104433|[g:1][SYNC][id:9d3948aa...]DownloadingBlockQueue: clearQueue and ReleaseFreeMemory
info|2022-08-08 03:23:02.305171|[g:1][SYNC][id:9d3948aa...]DownloadingBlockQueue: clearQueue and ReleaseFreeMemory
info|2022-08-08 03:23:02.504928|[g:1][CONSENSUS]addRawPrepare,height=2,reqIdx=2,hash=f0bb0069...,time=0
info|2022-08-08 03:23:02.505186|[g:1][SYNC][id:9d3948aa...]DownloadingBlockQueue: clearQueue and ReleaseFreeMemory
info|2022-08-08 03:23:02.505408|[g:1][CONSENSUS][PBFT]checkTimeout Succ,view=5,toView=6,nodeIdx=3,changeCycle=1,myNode=9d3948aa...,timecost=1
info|2022-08-08 03:23:02.505646|[g:1][SYNC][id:9d3948aa...]DownloadingBlockQueue: clearQueue and ReleaseFreeMemory
info|2022-08-08 03:23:02.508368|[g:1][CONSENSUS][PBFT]checkAndChangeView: Reach consensus,org_view=5,cur_changeCycle=1,curView=5,view=6
info|2022-08-08 03:23:02.508648|[g:1][SYNC][id:9d3948aa...]DownloadingBlockQueue: clearQueue and ReleaseFreeMemory
info|2022-08-08 03:23:02.709031|[g:1][SYNC][id:9d3948aa...]DownloadingBlockQueue: clearQueue and ReleaseFreeMemory
info|2022-08-08 03:23:02.909747|[g:1][SYNC][id:9d3948aa...]DownloadingBlockQueue: clearQueue and ReleaseFreeMemory
info|2022-08-08 03:23:03.110325|[g:1][SYNC][id:9d3948aa...]DownloadingBlockQueue: clearQueue and ReleaseFreeMemory
info|2022-08-08 03:23:03.310515|[g:1][SYNC][id:9d3948aa...]DownloadingBlockQueue: clearQueue and ReleaseFreeMemory
info|2022-08-08 03:23:03.508359|[g:1][CONSENSUS][SEALER]++++++++++++++++ Generating seal on,blkNum=2,tx=0,nodeIdx=3,hash=2c424250...
info|2022-08-08 03:23:03.508926|[g:1][SYNC][id:9d3948aa...]DownloadingBlockQueue: clearQueue and ReleaseFreeMemory
info|2022-08-08 03:23:03.513778|[g:1][SYNC][id:9d3948aa...]DownloadingBlockQueue: clearQueue and ReleaseFreeMemory
info|2022-08-08 03:23:03.513968|[g:1][CONSENSUS][PBFT]checkTimeout Succ,view=6,toView=7,nodeIdx=3,changeCycle=1,myNode=9d3948aa...,timecost=0
info|2022-08-08 03:23:03.514498|[g:1][SYNC][id:9d3948aa...]DownloadingBlockQueue: clearQueue and ReleaseFreeMemory
info|2022-08-08 03:23:03.514826|[g:1][CONSENSUS][PBFT]checkAndChangeView: Reach consensus,org_view=6,cur_changeCycle=1,curView=6,view=7
info|2022-08-08 03:23:03.515059|[g:1][SYNC][id:9d3948aa...]DownloadingBlockQueue: clearQueue and ReleaseFreeMemory
info|2022-08-08 03:23:03.715462|[g:1][SYNC][id:9d3948aa...]DownloadingBlockQueue: clearQueue and ReleaseFreeMemory
info|2022-08-08 03:23:03.916132|[g:1][SYNC][id:9d3948aa...]DownloadingBlockQueue: clearQueue and ReleaseFreeMemory
info|2022-08-08 03:23:04.116978|[g:1][SYNC][id:9d3948aa...]DownloadingBlockQueue: clearQueue and ReleaseFreeMemory
info|2022-08-08 03:23:04.317732|[g:1][SYNC][id:9d3948aa...]DownloadingBlockQueue: clearQueue and ReleaseFreeMemory
info|2022-08-08 03:23:04.517369|[g:1][CONSENSUS]addRawPrepare,height=2,reqIdx=0,hash=dab0085e...,time=0
info|2022-08-08 03:23:04.518045|[g:1][SYNC][id:9d3948aa...]DownloadingBlockQueue: clearQueue and ReleaseFreeMemory
info|2022-08-08 03:23:04.518662|[g:1][CONSENSUS][PBFT]checkTimeout Succ,view=7,toView=8,nodeIdx=3,changeCycle=1,myNode=9d3948aa...,timecost=1
info|2022-08-08 03:23:04.522293|[g:1][SYNC][id:9d3948aa...]DownloadingBlockQueue: clearQueue and ReleaseFreeMemory
info|2022-08-08 03:23:04.523022|[g:1][CONSENSUS][PBFT]checkAndChangeView: Reach consensus,org_view=7,cur_changeCycle=1,curView=7,view=8
info|2022-08-08 03:23:04.523315|[g:1][SYNC][id:9d3948aa...]DownloadingBlockQueue: clearQueue and ReleaseFreeMemory
info|2022-08-08 03:23:04.724179|[g:1][SYNC][id:9d3948aa...]DownloadingBlockQueue: clearQueue and ReleaseFreeMemory
info|2022-08-08 03:23:04.924945|[g:1][SYNC][id:9d3948aa...]DownloadingBlockQueue: clearQueue and ReleaseFreeMemory
info|2022-08-08 03:23:05.125271|[g:1][SYNC][id:9d3948aa...]DownloadingBlockQueue: clearQueue and ReleaseFreeMemory
info|2022-08-08 03:23:05.325546|[g:1][SYNC][id:9d3948aa...]DownloadingBlockQueue: clearQueue and ReleaseFreeMemory
info|2022-08-08 03:23:05.521362|[g:1][CONSENSUS]addRawPrepare,height=2,reqIdx=1,hash=d3d74d26...,time=0
info|2022-08-08 03:23:05.521799|[g:1][SYNC][id:9d3948aa...]DownloadingBlockQueue: clearQueue and ReleaseFreeMemory
info|2022-08-08 03:23:05.521902|[g:1][CONSENSUS][PBFT]checkTimeout Succ,view=8,toView=9,nodeIdx=3,changeCycle=1,myNode=9d3948aa...,timecost=0
info|2022-08-08 03:23:05.522258|[g:1][SYNC][id:9d3948aa...]DownloadingBlockQueue: clearQueue and ReleaseFreeMemory
info|2022-08-08 03:23:05.523227|[g:1][CONSENSUS][PBFT]checkAndChangeView: Reach consensus,org_view=8,cur_changeCycle=1,curView=8,view=9
info|2022-08-08 03:23:05.523397|[g:1][SYNC][id:9d3948aa...]DownloadingBlockQueue: clearQueue and ReleaseFreeMemory
info|2022-08-08 03:23:05.724381|[g:1][SYNC][id:9d3948aa...]DownloadingBlockQueue: clearQueue and ReleaseFreeMemory
info|2022-08-08 03:23:05.924691|[g:1][SYNC][id:9d3948aa...]DownloadingBlockQueue: clearQueue and ReleaseFreeMemory
info|2022-08-08 03:23:06.124910|[g:1][SYNC][id:9d3948aa...]DownloadingBlockQueue: clearQueue and ReleaseFreeMemory
info|2022-08-08 03:23:06.325743|[g:1][SYNC][id:9d3948aa...]DownloadingBlockQueue: clearQueue and ReleaseFreeMemory
info|2022-08-08 03:23:06.364817|[NETWORK][Host]Connecting to node,endpoint=127.0.0.1:30301
info|2022-08-08 03:23:06.364865|[P2P][Service] heartBeat,connected count=2
info|2022-08-08 03:23:06.364994|[NETWORK][ASIO]asyncResolveConnect,endpoint=127.0.0.1:30301
info|2022-08-08 03:23:06.365120|[NETWORK][Host]P2P Recv Connect, From=127.0.0.1:54600
info|2022-08-08 03:23:06.365150|[NETWORK][Host]P2P StartAccept,Host=0.0.0.0:30303
error|2022-08-08 03:23:06.366099|[NETWORK][Host]Get ca basic failed
error|2022-08-08 03:23:06.369786|[NETWORK][Host]Get ca basic failed
info|2022-08-08 03:23:06.372337|[NETWORK][Host]handshakeServer succ,remote endpoint=127.0.0.1:54600
info|2022-08-08 03:23:06.372399|[NETWORK][Host]startPeerSession, Remote=127.0.0.1:54600,local endpoint=127.0.0.1:30303,nodeID=180d17cd...
info|2022-08-08 03:23:06.372478|[NETWORK][Host]handshakeClient succ,local endpoint=127.0.0.1:43886
info|2022-08-08 03:23:06.372534|[P2P][Service] Connection established,nodeID=180d17cd...,endpoint=127.0.0.1:54600
info|2022-08-08 03:23:06.372631|[NETWORK][Host]startPeerSession, Remote=127.0.0.1:30301,local endpoint=127.0.0.1:43886,nodeID=180d17cd...
warning|2022-08-08 03:23:06.372754|[NETWORK][Session]doRead error,endpoint=127.0.0.1:54600,message=short read
info|2022-08-08 03:23:06.372763|[NETWORK][Session]drop, call and erase all callbackFunc in this session!,endpoint=127.0.0.1:54600
warning|2022-08-08 03:23:06.372783|[P2P][Service] disconnect error P2PSession,nodeID=180d17cd...,endpoint=127.0.0.1:54600,errorCode=3,what=Disconnect
warning|2022-08-08 03:23:06.372797|[P2P][Service] onDisconnect,errorCode=3,what=Dynamic exception type: dev::network::NetworkException
std::exception::what: Disconnect

warning|2022-08-08 03:23:06.372830|[NETWORK][Session][drop] closing remote 0.0.0.0:0,reason=Low-level TCP communication error.,endpoint=127.0.0.1:54600
warning|2022-08-08 03:23:06.372862|[NETWORK][Session][drop] shutdown failed ,errorValue=9,message=Bad file descriptor
info|2022-08-08 03:23:06.526336|[g:1][SYNC][id:9d3948aa...]DownloadingBlockQueue: clearQueue and ReleaseFreeMemory
info|2022-08-08 03:23:06.528817|[g:1][CONSENSUS]addRawPrepare,height=2,reqIdx=2,hash=44e15107...,time=0
info|2022-08-08 03:23:06.529135|[g:1][SYNC][id:9d3948aa...]DownloadingBlockQueue: clearQueue and ReleaseFreeMemory
info|2022-08-08 03:23:06.529336|[g:1][CONSENSUS][PBFT]checkTimeout Succ,view=9,toView=10,nodeIdx=3,changeCycle=1,myNode=9d3948aa...,timecost=1
info|2022-08-08 03:23:06.529699|[g:1][SYNC][id:9d3948aa...]DownloadingBlockQueue: clearQueue and ReleaseFreeMemory
info|2022-08-08 03:23:06.532076|[g:1][CONSENSUS][PBFT]checkAndChangeView: Reach consensus,org_view=9,cur_changeCycle=1,curView=9,view=10
info|2022-08-08 03:23:06.532330|[g:1][SYNC][id:9d3948aa...]DownloadingBlockQueue: clearQueue and ReleaseFreeMemory
info|2022-08-08 03:23:06.732491|[g:1][SYNC][id:9d3948aa...]DownloadingBlockQueue: clearQueue and ReleaseFreeMemory
info|2022-08-08 03:23:06.933188|[g:1][SYNC][id:9d3948aa...]DownloadingBlockQueue: clearQueue and ReleaseFreeMemory
info|2022-08-08 03:23:07.134089|[g:1][SYNC][id:9d3948aa...]DownloadingBlockQueue: clearQueue and ReleaseFreeMemory
info|2022-08-08 03:23:07.334653|[g:1][SYNC][id:9d3948aa...]DownloadingBlockQueue: clearQueue and ReleaseFreeMemory
info|2022-08-08 03:23:07.532538|[g:1][CONSENSUS][SEALER]++++++++++++++++ Generating seal on,blkNum=2,tx=0,nodeIdx=3,hash=8a0f242b...
info|2022-08-08 03:23:07.532915|[g:1][SYNC][id:9d3948aa...]DownloadingBlockQueue: clearQueue and ReleaseFreeMemory
info|2022-08-08 03:23:07.533276|[g:1][SYNC][id:9d3948aa...]DownloadingBlockQueue: clearQueue and ReleaseFreeMemory
info|2022-08-08 03:23:07.533333|[g:1][CONSENSUS][PBFT]checkTimeout Succ,view=10,toView=11,nodeIdx=3,changeCycle=1,myNode=9d3948aa...,timecost=0
info|2022-08-08 03:23:07.533539|[g:1][SYNC][id:9d3948aa...]DownloadingBlockQueue: clearQueue and ReleaseFreeMemory
info|2022-08-08 03:23:07.536437|[g:1][CONSENSUS][PBFT]checkAndChangeView: Reach consensus,org_view=10,cur_changeCycle=1,curView=10,view=11
info|2022-08-08 03:23:07.536715|[g:1][SYNC][id:9d3948aa...]DownloadingBlockQueue: clearQueue and ReleaseFreeMemory
info|2022-08-08 03:23:07.737339|[g:1][SYNC][id:9d3948aa...]DownloadingBlockQueue: clearQueue and ReleaseFreeMemory
info|2022-08-08 03:23:07.937873|[g:1][SYNC][id:9d3948aa...]DownloadingBlockQueue: clearQueue and ReleaseFreeMemory
info|2022-08-08 03:23:08.138394|[g:1][SYNC][id:9d3948aa...]DownloadingBlockQueue: clearQueue and ReleaseFreeMemory
info|2022-08-08 03:23:08.338624|[g:1][SYNC][id:9d3948aa...]DownloadingBlockQueue: clearQueue and ReleaseFreeMemory
info|2022-08-08 03:23:08.538838|[g:1][SYNC][id:9d3948aa...]DownloadingBlockQueue: clearQueue and ReleaseFreeMemory
info|2022-08-08 03:23:08.540611|[g:1][CONSENSUS]addRawPrepare,height=2,reqIdx=0,hash=f8f255a8...,time=0
info|2022-08-08 03:23:08.540747|[g:1][SYNC][id:9d3948aa...]DownloadingBlockQueue: clearQueue and ReleaseFreeMemory
info|2022-08-08 03:23:08.540994|[g:1][CONSENSUS][PBFT]checkTimeout Succ,view=11,toView=12,nodeIdx=3,changeCycle=1,myNode=9d3948aa...,timecost=0
info|2022-08-08 03:23:08.541160|[g:1][SYNC][id:9d3948aa...]DownloadingBlockQueue: clearQueue and ReleaseFreeMemory
info|2022-08-08 03:23:08.541689|[g:1][CONSENSUS][PBFT]checkAndChangeView: Reach consensus,org_view=11,cur_changeCycle=1,curView=11,view=12
info|2022-08-08 03:23:08.541840|[g:1][SYNC][id:9d3948aa...]DownloadingBlockQueue: clearQueue and ReleaseFreeMemory
info|2022-08-08 03:23:08.742239|[g:1][SYNC][id:9d3948aa...]DownloadingBlockQueue: clearQueue and ReleaseFreeMemory
info|2022-08-08 03:23:08.942441|[g:1][SYNC][id:9d3948aa...]DownloadingBlockQueue: clearQueue and ReleaseFreeMemory
info|2022-08-08 03:23:09.143221|[g:1][SYNC][id:9d3948aa...]DownloadingBlockQueue: clearQueue and ReleaseFreeMemory
info|2022-08-08 03:23:09.343953|[g:1][SYNC][id:9d3948aa...]DownloadingBlockQueue: clearQueue and ReleaseFreeMemory
info|2022-08-08 03:23:09.543943|[g:1][CONSENSUS]addRawPrepare,height=2,reqIdx=1,hash=4bf56562...,time=0
info|2022-08-08 03:23:09.544195|[g:1][SYNC][id:9d3948aa...]DownloadingBlockQueue: clearQueue and ReleaseFreeMemory
info|2022-08-08 03:23:09.544711|[g:1][CONSENSUS][PBFT]checkTimeout Succ,view=12,toView=13,nodeIdx=3,changeCycle=1,myNode=9d3948aa...,timecost=0
info|2022-08-08 03:23:09.544988|[g:1][SYNC][id:9d3948aa...]DownloadingBlockQueue: clearQueue and ReleaseFreeMemory
info|2022-08-08 03:23:09.547076|[g:1][CONSENSUS][PBFT]checkAndChangeView: Reach consensus,org_view=12,cur_changeCycle=1,curView=12,view=13
info|2022-08-08 03:23:09.547288|[g:1][SYNC][id:9d3948aa...]DownloadingBlockQueue: clearQueue and ReleaseFreeMemory
info|2022-08-08 03:23:09.747532|[g:1][SYNC][id:9d3948aa...]DownloadingBlockQueue: clearQueue and ReleaseFreeMemory
info|2022-08-08 03:23:09.948233|[g:1][SYNC][id:9d3948aa...]DownloadingBlockQueue: clearQueue and ReleaseFreeMemory
info|2022-08-08 03:23:10.148484|[g:1][SYNC][id:9d3948aa...]DownloadingBlockQueue: clearQueue and ReleaseFreeMemory
info|2022-08-08 03:23:10.349093|[g:1][SYNC][id:9d3948aa...]DownloadingBlockQueue: clearQueue and ReleaseFreeMemory
info|2022-08-08 03:23:10.549389|[g:1][SYNC][id:9d3948aa...]DownloadingBlockQueue: clearQueue and ReleaseFreeMemory
info|2022-08-08 03:23:10.549818|[g:1][CONSENSUS]addRawPrepare,height=2,reqIdx=2,hash=2172a826...,time=0
info|2022-08-08 03:23:10.550458|[g:1][SYNC][id:9d3948aa...]DownloadingBlockQueue: clearQueue and ReleaseFreeMemory
info|2022-08-08 03:23:10.550819|[g:1][CONSENSUS][PBFT]checkTimeout Succ,view=13,toView=14,nodeIdx=3,changeCycle=1,myNode=9d3948aa...,timecost=1
info|2022-08-08 03:23:10.551349|[g:1][SYNC][id:9d3948aa...]DownloadingBlockQueue: clearQueue and ReleaseFreeMemory
info|2022-08-08 03:23:10.552745|[g:1][CONSENSUS][PBFT]checkAndChangeView: Reach consensus,org_view=13,cur_changeCycle=1,curView=13,view=14
info|2022-08-08 03:23:10.552909|[g:1][SYNC][id:9d3948aa...]DownloadingBlockQueue: clearQueue and ReleaseFreeMemory
info|2022-08-08 03:23:10.754162|[g:1][SYNC][id:9d3948aa...]DownloadingBlockQueue: clearQueue and ReleaseFreeMemory
info|2022-08-08 03:23:10.955237|[g:1][SYNC][id:9d3948aa...]DownloadingBlockQueue: clearQueue and ReleaseFreeMemory
info|2022-08-08 03:23:11.155679|[g:1][SYNC][id:9d3948aa...]DownloadingBlockQueue: clearQueue and ReleaseFreeMemory
info|2022-08-08 03:23:11.356038|[g:1][SYNC][id:9d3948aa...]DownloadingBlockQueue: clearQueue and ReleaseFreeMemory
info|2022-08-08 03:23:11.432997|[NETWORK][Session]Received topic: [2] from 59ffabac844c905d3ea58ee863fde935d3594ebe5c3c1b725b125b6b6ac7da975d08e8060a8c0e5a16e6a6e6ebe0fa5382c68264e4ba07487aa94d9d0956799b
info|2022-08-08 03:23:11.552861|[g:1][CONSENSUS][SEALER]++++++++++++++++ Generating seal on,blkNum=2,tx=0,nodeIdx=3,hash=13407a0f...
info|2022-08-08 03:23:11.553281|[g:1][SYNC][id:9d3948aa...]DownloadingBlockQueue: clearQueue and ReleaseFreeMemory
info|2022-08-08 03:23:11.556242|[g:1][SYNC][id:9d3948aa...]DownloadingBlockQueue: clearQueue and ReleaseFreeMemory
info|2022-08-08 03:23:11.556269|[g:1][CONSENSUS][PBFT]checkTimeout Succ,view=14,toView=15,nodeIdx=3,changeCycle=1,myNode=9d3948aa...,timecost=1
info|2022-08-08 03:23:11.556777|[g:1][SYNC][id:9d3948aa...]DownloadingBlockQueue: clearQueue and ReleaseFreeMemory
info|2022-08-08 03:23:11.557465|[g:1][CONSENSUS][PBFT]checkAndChangeView: Reach consensus,org_view=14,cur_changeCycle=1,curView=14,view=15
info|2022-08-08 03:23:11.557571|[g:1][SYNC][id:9d3948aa...]DownloadingBlockQueue: clearQueue and ReleaseFreeMemory
info|2022-08-08 03:23:11.758078|[g:1][SYNC][id:9d3948aa...]DownloadingBlockQueue: clearQueue and ReleaseFreeMemory
info|2022-08-08 03:23:11.958314|[g:1][SYNC][id:9d3948aa...]DownloadingBlockQueue: clearQueue and ReleaseFreeMemory
info|2022-08-08 03:23:12.158996|[g:1][SYNC][id:9d3948aa...]DownloadingBlockQueue: clearQueue and ReleaseFreeMemory
info|2022-08-08 03:23:12.359991|[g:1][SYNC][id:9d3948aa...]DownloadingBlockQueue: clearQueue and ReleaseFreeMemory
info|2022-08-08 03:23:12.560207|[g:1][SYNC][id:9d3948aa...]DownloadingBlockQueue: clearQueue and ReleaseFreeMemory
info|2022-08-08 03:23:12.560474|[g:1][CONSENSUS]addRawPrepare,height=2,reqIdx=0,hash=761c95de...,time=0
info|2022-08-08 03:23:12.560848|[g:1][SYNC][id:9d3948aa...]DownloadingBlockQueue: clearQueue and ReleaseFreeMemory
info|2022-08-08 03:23:12.561202|[g:1][CONSENSUS][PBFT]checkTimeout Succ,view=15,toView=16,nodeIdx=3,changeCycle=1,myNode=9d3948aa...,timecost=1
info|2022-08-08 03:23:12.561337|[g:1][SYNC][id:9d3948aa...]DownloadingBlockQueue: clearQueue and ReleaseFreeMemory
info|2022-08-08 03:23:12.562491|[g:1][CONSENSUS][PBFT]checkAndChangeView: Reach consensus,org_view=15,cur_changeCycle=1,curView=15,view=16
info|2022-08-08 03:23:12.562615|[g:1][SYNC][id:9d3948aa...]DownloadingBlockQueue: clearQueue and ReleaseFreeMemory
info|2022-08-08 03:23:12.763510|[g:1][SYNC][id:9d3948aa...]DownloadingBlockQueue: clearQueue and ReleaseFreeMemory
info|2022-08-08 03:23:12.964132|[g:1][SYNC][id:9d3948aa...]DownloadingBlockQueue: clearQueue and ReleaseFreeMemory
info|2022-08-08 03:23:13.164508|[g:1][SYNC][id:9d3948aa...]DownloadingBlockQueue: clearQueue and ReleaseFreeMemory
info|2022-08-08 03:23:13.364895|[g:1][SYNC][id:9d3948aa...]DownloadingBlockQueue: clearQueue and ReleaseFreeMemory
info|2022-08-08 03:23:13.564825|[g:1][CONSENSUS]addRawPrepare,height=2,reqIdx=1,hash=cb4ea144...,time=0
info|2022-08-08 03:23:13.565074|[g:1][SYNC][id:9d3948aa...]DownloadingBlockQueue: clearQueue and ReleaseFreeMemory
info|2022-08-08 03:23:13.565520|[g:1][CONSENSUS][PBFT]checkTimeout Succ,view=16,toView=17,nodeIdx=3,changeCycle=1,myNode=9d3948aa...,timecost=1
info|2022-08-08 03:23:13.565782|[g:1][SYNC][id:9d3948aa...]DownloadingBlockQueue: clearQueue and ReleaseFreeMemory
info|2022-08-08 03:23:13.566733|[g:1][CONSENSUS][PBFT]checkAndChangeView: Reach consensus,org_view=16,cur_changeCycle=1,curView=16,view=17
info|2022-08-08 03:23:13.566901|[g:1][SYNC][id:9d3948aa...]DownloadingBlockQueue: clearQueue and ReleaseFreeMemory
info|2022-08-08 03:23:13.767851|[g:1][SYNC][id:9d3948aa...]DownloadingBlockQueue: clearQueue and ReleaseFreeMemory
info|2022-08-08 03:23:13.968200|[g:1][SYNC][id:9d3948aa...]DownloadingBlockQueue: clearQueue and ReleaseFreeMemory
info|2022-08-08 03:23:14.169118|[g:1][SYNC][id:9d3948aa...]DownloadingBlockQueue: clearQueue and ReleaseFreeMemory
info|2022-08-08 03:23:14.369771|[g:1][SYNC][id:9d3948aa...]DownloadingBlockQueue: clearQueue and ReleaseFreeMemory
info|2022-08-08 03:23:14.570312|[g:1][SYNC][id:9d3948aa...]DownloadingBlockQueue: clearQueue and ReleaseFreeMemory
info|2022-08-08 03:23:14.570734|[g:1][CONSENSUS]addRawPrepare,height=2,reqIdx=2,hash=8f5dad00...,time=0
info|2022-08-08 03:23:14.570978|[g:1][SYNC][id:9d3948aa...]DownloadingBlockQueue: clearQueue and ReleaseFreeMemory
info|2022-08-08 03:23:14.571518|[g:1][CONSENSUS][PBFT]checkTimeout Succ,view=17,toView=18,nodeIdx=3,changeCycle=1,myNode=9d3948aa...,timecost=1
info|2022-08-08 03:23:14.571744|[g:1][SYNC][id:9d3948aa...]DownloadingBlockQueue: clearQueue and ReleaseFreeMemory
info|2022-08-08 03:23:14.573782|[g:1][CONSENSUS][PBFT]checkAndChangeView: Reach consensus,org_view=17,cur_changeCycle=1,curView=17,view=18
info|2022-08-08 03:23:14.574052|[g:1][SYNC][id:9d3948aa...]DownloadingBlockQueue: clearQueue and ReleaseFreeMemory
info|2022-08-08 03:23:14.774653|[g:1][SYNC][id:9d3948aa...]DownloadingBlockQueue: clearQueue and ReleaseFreeMemory
info|2022-08-08 03:23:14.974962|[g:1][SYNC][id:9d3948aa...]DownloadingBlockQueue: clearQueue and ReleaseFreeMemory
info|2022-08-08 03:23:15.175903|[g:1][SYNC][id:9d3948aa...]DownloadingBlockQueue: clearQueue and ReleaseFreeMemory
info|2022-08-08 03:23:15.377243|[g:1][SYNC][id:9d3948aa...]DownloadingBlockQueue: clearQueue and ReleaseFreeMemory
info|2022-08-08 03:23:15.465329|[LEDGER]stop sealer,groupID=1
info|2022-08-08 03:23:15.465373|[CONSENSUS][SEALER]Stop sealer module...
info|2022-08-08 03:23:15.467283|[CONSENSUS][ConsensusEngine][Stop ConsensusEngineBase]
info|2022-08-08 03:23:15.469606|[CONSENSUS][ConsensusEngine]ConsensusEngineBase stopped
info|2022-08-08 03:23:15.469645|[LEDGER]sealer stopped. stop sync,groupID=1
info|2022-08-08 03:23:15.470450|[g:1] [SYNC][id:9d3948aa...]SyncMsgEngine stopped
info|2022-08-08 03:23:15.491863|[GossipBlockStatus]stop GossipBlockStatus succ
info|2022-08-08 03:23:16.365128|[NETWORK][Host]Connecting to node,endpoint=127.0.0.1:30301
info|2022-08-08 03:23:16.365236|[P2P][Service] heartBeat,connected count=2
info|2022-08-08 03:23:16.365281|[NETWORK][Host]P2P Recv Connect, From=127.0.0.1:54602
info|2022-08-08 03:23:16.365372|[NETWORK][Host]P2P StartAccept,Host=0.0.0.0:30303
info|2022-08-08 03:23:16.365507|[NETWORK][ASIO]asyncResolveConnect,endpoint=127.0.0.1:30301
error|2022-08-08 03:23:16.370593|[NETWORK][Host]Get ca basic failed
info|2022-08-08 03:23:16.373145|[NETWORK][Host]handshakeServer succ,remote endpoint=127.0.0.1:54602
info|2022-08-08 03:23:16.373188|[NETWORK][Host]startPeerSession, Remote=127.0.0.1:54602,local endpoint=127.0.0.1:30303,nodeID=180d17cd...
info|2022-08-08 03:23:16.373283|[P2P][Service] Connection established,nodeID=180d17cd...,endpoint=127.0.0.1:54602
error|2022-08-08 03:23:16.373359|[NETWORK][Host]Get ca basic failed
info|2022-08-08 03:23:16.379962|[NETWORK][Host]handshakeClient succ,local endpoint=127.0.0.1:43888
info|2022-08-08 03:23:16.380006|[NETWORK][Host]startPeerSession, Remote=127.0.0.1:30301,local endpoint=127.0.0.1:43888,nodeID=180d17cd...
info|2022-08-08 03:23:16.583367|[SYNC][id:9d3948aa...][g:1]SyncMaster stopped
info|2022-08-08 03:23:16.583396|[LEDGER]sync stopped. stop event filter manager,groupID=1
info|2022-08-08 03:23:16.668640|[EVENT][EventLogFilterManager]stop
info|2022-08-08 03:23:16.668662|[LEDGER]event filter manager stopped. stop tx pool,groupID=1
info|2022-08-08 03:23:16.669092|[LEDGER]removeNetworkStatHandlerByGroupID and removeGroupBandwidthLimiter for service,groupID=1
info|2022-08-08 03:23:16.669114|[CHANNEL]removeSDKAllowListByGroupId,groupId=1
info|2022-08-08 03:23:16.669122|[INITIALIZER]ledgerInitializer stopped
info|2022-08-08 03:23:17.669616|[INITIALIZER]ChannelRPCHttpServer deleted.
info|2022-08-08 03:23:17.670018|[INITIALIZER]JsonrpcHttpServer deleted.
info|2022-08-08 03:23:17.670029|[INITIALIZER]RPCInitializer stopped
info|2022-08-08 03:23:17.670256|[NETWORK][Host]Host exit
info|2022-08-08 03:23:17.671275|[INITIALIZER]P2PInitializer stopped
info|2022-08-08 03:23:17.671289|[LEDGER]stop sealer,groupID=1
info|2022-08-08 03:23:17.671294|[LEDGER]sealer stopped. stop sync,groupID=1
info|2022-08-08 03:23:17.671300|[g:1] [SYNC][id:9d3948aa...]SyncMsgEngine stopped
info|2022-08-08 03:23:17.671307|[GossipBlockStatus]GossipBlockStatus already stopped
info|2022-08-08 03:23:17.671310|[SYNC][id:9d3948aa...][g:1]SyncMaster stopped
info|2022-08-08 03:23:17.671313|[LEDGER]sync stopped. stop event filter manager,groupID=1
info|2022-08-08 03:23:17.671316|[LEDGER]event filter manager stopped. stop tx pool,groupID=1
info|2022-08-08 03:23:17.671321|[LEDGER]removeNetworkStatHandlerByGroupID and removeGroupBandwidthLimiter for service,groupID=1
info|2022-08-08 03:23:17.671327|[g:1][STORAGE][CachedStorage]Stopping flushStorage thread
info|2022-08-08 03:23:18.440196|[g:1][STORAGE][CachedStorage]flushStorage thread stopped.
info|2022-08-08 03:23:18.440230|[DBINITIALIZER] storage stopped
info|2022-08-08 03:23:18.441055|[g:1] [SYNC][id:9d3948aa...]SyncMsgEngine stopped
info|2022-08-08 03:23:18.441092|[GossipBlockStatus]GossipBlockStatus already stopped
info|2022-08-08 03:23:18.441100|[SYNC][id:9d3948aa...][g:1]SyncMaster stopped
info|2022-08-08 03:23:18.441114|[g:1] [SYNC][id:9d3948aa...]SyncMsgEngine stopped
