info|2022-08-08 03:22:56.337694|[INITIALIZER][initGlobalConfig],enableCompress=true,compatibilityVersion=2.9.0,versionNumber=34144256,enableStat=false,chainId=1,useSMCrypto=false
info|2022-08-08 03:22:56.339043|[INITIALIZER][SecureInitializer]loading privateKey
info|2022-08-08 03:22:56.356224|[INITIALIZER][SecureInitializer]get pub of node,nodeID=180d17cdc22109b0cc990b92b09f7e14deacbe2339cd2b4e598ef6807eb131fb81eed025f85a21689463f2d2172d560c60b8122594514ec4ea01b0bfbe52be33
info|2022-08-08 03:22:56.356959|[INITIALIZER][SecureInitializer]use user certificate,file=conf//node.crt
info|2022-08-08 03:22:56.357662|[INITIALIZER][SecureInitializer]use ca certificate,file=conf//ca.crt
info|2022-08-08 03:22:56.357747|[INITIALIZER][SecureInitializer]use ca,file=conf//
info|2022-08-08 03:22:56.357795|[INITIALIZER][SecureInitializer][initChannelCertConfig]enable rsa cert for channel ,conf//channel_cert/ certs will be used for channel ssl,dataPath=conf/
info|2022-08-08 03:22:56.363251|[NETWORK][Host]Connecting to node,endpoint=127.0.0.1:30300
info|2022-08-08 03:22:56.363306|[NETWORK][Host]P2P StartAccept,Host=0.0.0.0:30301
info|2022-08-08 03:22:56.363919|[NETWORK][Host]Connecting to node,endpoint=127.0.0.1:30301
info|2022-08-08 03:22:56.363964|[NETWORK][Host]Connecting to node,endpoint=127.0.0.1:30302
info|2022-08-08 03:22:56.363984|[NETWORK][Host]Connecting to node,endpoint=127.0.0.1:30303
info|2022-08-08 03:22:56.363999|[P2P][Service] heartBeat,connected count=0
info|2022-08-08 03:22:56.364018|[INITIALIZER][RPCInitializer],network_security.check_cert_issuer=true
info|2022-08-08 03:22:56.364325|[NETWORK][ASIO]asyncResolveConnect,endpoint=127.0.0.1:30300
info|2022-08-08 03:22:56.364381|[NETWORK][ASIO]asyncResolveConnect,endpoint=127.0.0.1:30301
info|2022-08-08 03:22:56.364408|[NETWORK][ASIO]asyncResolveConnect,endpoint=127.0.0.1:30302
info|2022-08-08 03:22:56.364436|[NETWORK][ASIO]asyncResolveConnect,endpoint=127.0.0.1:30303
info|2022-08-08 03:22:56.364558|[NETWORK][Host]P2P Recv Connect, From=127.0.0.1:43878
info|2022-08-08 03:22:56.364604|[NETWORK][Host]P2P StartAccept,Host=0.0.0.0:30301
info|2022-08-08 03:22:56.365411|[NETWORK][Host]P2P Recv Connect, From=127.0.0.1:43880
info|2022-08-08 03:22:56.365440|[NETWORK][Host]P2P StartAccept,Host=0.0.0.0:30301
info|2022-08-08 03:22:56.370977|[CHANNEL]ChannelRPCServer started
info|2022-08-08 03:22:56.370989|[INITIALIZER][RPCInitializer: ChannelRPCHttpServer started.],disableDynamicGroup=false
info|2022-08-08 03:22:56.370994|[INITIALIZER][LedgerInitializer]initConfig
info|2022-08-08 03:22:56.371000|[LedgerInitializer],groupConfigPath=conf/
error|2022-08-08 03:22:56.371762|[NETWORK][Host]Get ca basic failed
info|2022-08-08 03:22:56.372684|[INITIALIZER][initSingleLedger] [GroupId], LedgerConstructor:  1,configFileName=conf/group.1.genesis,dataDir=data/
info|2022-08-08 03:22:56.372782|[g:1][LedgerParam][parseGenesisConfig]initConsensusConfig/initStorageConfig/initTxConfig,configFile=conf/group.1.genesis
info|2022-08-08 03:22:56.372792|[g:1][LedgerParam][initConsensusConfig],type=pbft,consensusTimeout=3,maxTxNum=1000,txGasLimit=300000000
info|2022-08-08 03:22:56.372801|[g:1][LedgerParam][parsePublicKeyListOfSection],sectionName=consensus,it.first=59ffabac844c905d3ea58ee863fde935d3594ebe5c3c1b725b125b6b6ac7da975d08e8060a8c0e5a16e6a6e6ebe0fa5382c68264e4ba07487aa94d9d0956799b
info|2022-08-08 03:22:56.372811|[g:1][LedgerParam][parsePublicKeyListOfSection],sectionName=consensus,it.first=180d17cdc22109b0cc990b92b09f7e14deacbe2339cd2b4e598ef6807eb131fb81eed025f85a21689463f2d2172d560c60b8122594514ec4ea01b0bfbe52be33
info|2022-08-08 03:22:56.372818|[g:1][LedgerParam][parsePublicKeyListOfSection],sectionName=consensus,it.first=2f7817c4681c10f279b6b78823826c388b1696386caa4920356cc4b64ee485fbf2920001ea416eae467caf8912a206156e467362d3d03d004fe512b0e1849712
info|2022-08-08 03:22:56.372825|[g:1][LedgerParam][parsePublicKeyListOfSection],sectionName=consensus,it.first=9d3948aa431619d004ff74803e326dd571d26c64c94cf9b3c58fccdfa444017ca15a6fa6c6ead5e5704b4af0f36d4373e660575a406d49c880cf75df925f12af
info|2022-08-08 03:22:56.372827|[g:1][LedgerParam][parsePublicKeyListOfSection],totalPubKeySize=4
info|2022-08-08 03:22:56.372840|[g:1][LedgerParam][max_block_range],maxBlockRange=0,maxBlockPerProcess=3
info|2022-08-08 03:22:56.372844|[g:1][LedgerParam][parseGenesisConfig],timestamp=1659536104000
info|2022-08-08 03:22:56.372854|[g:1][LedgerParam]setEVMFlags,enableFreeStorageVMSchedule=false,evmFlags=0
info|2022-08-08 03:22:56.372864|[g:1][LedgerParam]store evmFlag,evmFlag=0
info|2022-08-08 03:22:56.372867|[g:1][LedgerParam]store consensus time,consensusTimeout=3
info|2022-08-08 03:22:56.372870|[g:1][LedgerParam][initMark],genesisMark=1-180d17cdc22109b0cc990b92b09f7e14deacbe2339cd2b4e598ef6807eb131fb81eed025f85a21689463f2d2172d560c60b8122594514ec4ea01b0bfbe52be33,2f7817c4681c10f279b6b78823826c388b1696386caa4920356cc4b64ee485fbf2920001ea416eae467caf8912a206156e467362d3d03d004fe512b0e1849712,59ffabac844c905d3ea58ee863fde935d3594ebe5c3c1b725b125b6b6ac7da975d08e8060a8c0e5a16e6a6e6ebe0fa5382c68264e4ba07487aa94d9d0956799b,9d3948aa431619d004ff74803e326dd571d26c64c94cf9b3c58fccdfa444017ca15a6fa6c6ead5e5704b4af0f36d4373e660575a406d49c880cf75df925f12af,-pbft-storage-0-1000-300000000-3
info|2022-08-08 03:22:56.372873|[g:1][LedgerParam][initIniConfig]initTxPoolConfig/initSyncConfig/initTxExecuteConfig,configFile=conf/group.1.ini
info|2022-08-08 03:22:56.373332|[g:1][LedgerParam][initStorageConfig],stateType=storage,storageDB=rocksdb,storagePath=data//group1/block/RocksDB,baseDir=data//group1,dbtype=mysql,dbip=127.0.0.1,dbport=3306,dbcharset=utf8mb4,initconnections=15,maxconnections=50,scrollThreshold=2000
info|2022-08-08 03:22:56.373364|[g:1][LedgerParam][initTxPoolConfig],txPoolLimit=150000,memorySizeLimit(MB)=512,notifyWorkerNum=2,txsExpirationTime(ms)=600000
info|2022-08-08 03:22:56.373370|[g:1][LedgerParam][initSyncConfig],idleWaitMs=200
info|2022-08-08 03:22:56.373375|[g:1][LedgerParam][initSyncConfig],enableSendTxsByTree=true,enableSendBlockStatusByTree=true
info|2022-08-08 03:22:56.373380|[g:1][LedgerParam][initSyncConfig],gossipInterval=1000
info|2022-08-08 03:22:56.373386|[g:1][LedgerParam][initSyncConfig],enableSendBlockStatusByTree=true,gossipInterval=1000,gossipPeers=3,syncTreeWidth=3,maxQueueSizeForBlockSync=536870912,txsStatusGossipMaxPeers=5
info|2022-08-08 03:22:56.373389|[g:1][LedgerParam][InitTxExecuteConfig],enableParallel=true
info|2022-08-08 03:22:56.373398|[g:1][LedgerParam][initConsensusIniConfig],maxTTL=2,minBlockGenerationTime=500,enablDynamicBlockSize=true,blockSizeIncreaseRatio=0.5,enableTTLOptimize=true,enablePrepareWithTxsHash=true
info|2022-08-08 03:22:56.373410|[g:1][LedgerParam][initRPBFTConsensusIniConfig],broadcastPrepareByTree=true,prepareStatusBroadcastPercent=33,maxRequestMissedTxsWaitTime=100,maxRequestPrepareWaitTime=100
info|2022-08-08 03:22:56.373414|[g:1][LedgerParam][initFlowControlConfig],maxQPS=9223372036854775807,outGoingBandwidth(Bytes)=9223372036854775807
info|2022-08-08 03:22:56.373417|[g:1][LedgerParam]parseSDKAllowList,sdkAllowList=[],enableSDKAllowListControl=false
info|2022-08-08 03:22:56.373430|[g:1][LEDGER][initLedger][DBInitializer]
info|2022-08-08 03:22:56.373440|[g:1][LEDGER]setSDKAllowList,groupId=1,sdkAllowListSize=0
info|2022-08-08 03:22:56.373443|[g:1][CHANNEL]registerSDKAllowListByGroupId,groupId=1,size=0
info|2022-08-08 03:22:56.373446|[g:1][CHANNEL]Disable group-level sdk permission control for sdk allowlist is empty
info|2022-08-08 03:22:56.373448|[g:1][DBINITIALIZER] [initStorageDB]
info|2022-08-08 03:22:56.373467|[g:1][DBINITIALIZER] [initRocksDBStorage]
info|2022-08-08 03:22:56.375489|[g:1][ROCKSDB]open rocksDB handler,path=data//group1/block/RocksDB
error|2022-08-08 03:22:56.377877|[NETWORK][Host]Get ca basic failed
error|2022-08-08 03:22:56.383886|[NETWORK][Host]Get ca basic failed
info|2022-08-08 03:22:56.389183|[NETWORK][Host]P2P Recv Connect, From=127.0.0.1:43882
info|2022-08-08 03:22:56.389229|[NETWORK][Host]P2P StartAccept,Host=0.0.0.0:30301
error|2022-08-08 03:22:56.389370|[NETWORK][Host]Get ca basic failed
error|2022-08-08 03:22:56.392071|[NETWORK][Host]Get ca basic failed
info|2022-08-08 03:22:56.395687|[NETWORK][Host]P2P Recv Connect, From=127.0.0.1:43884
info|2022-08-08 03:22:56.395736|[NETWORK][Host]P2P StartAccept,Host=0.0.0.0:30301
info|2022-08-08 03:22:56.395807|[NETWORK][Host]handshakeServer succ,remote endpoint=127.0.0.1:43878
info|2022-08-08 03:22:56.397520|[NETWORK][Host]startPeerSession, Remote=127.0.0.1:43878,local endpoint=127.0.0.1:30301,nodeID=180d17cd...
error|2022-08-08 03:22:56.397719|[NETWORK][Host]Get ca basic failed
info|2022-08-08 03:22:56.399771|[NETWORK][Host]handshakeClient succ,local endpoint=127.0.0.1:54112
info|2022-08-08 03:22:56.399814|[NETWORK][Host]startPeerSession, Remote=127.0.0.1:30302,local endpoint=127.0.0.1:54112,nodeID=2f7817c4...
info|2022-08-08 03:22:56.399889|[P2P][Service] Connection established,nodeID=2f7817c4...,endpoint=127.0.0.1:30302
info|2022-08-08 03:22:56.400007|[NETWORK][Host]handshakeClient succ,local endpoint=127.0.0.1:43878
info|2022-08-08 03:22:56.400037|[NETWORK][Host]startPeerSession, Remote=127.0.0.1:30301,local endpoint=127.0.0.1:43878,nodeID=180d17cd...
info|2022-08-08 03:22:56.400610|[NETWORK][Host]handshakeServer succ,remote endpoint=127.0.0.1:43880
info|2022-08-08 03:22:56.400652|[NETWORK][Host]startPeerSession, Remote=127.0.0.1:43880,local endpoint=127.0.0.1:30301,nodeID=9d3948aa...
info|2022-08-08 03:22:56.400783|[P2P][Service] Connection established,nodeID=9d3948aa...,endpoint=127.0.0.1:43880
info|2022-08-08 03:22:56.403811|[NETWORK][Host]handshakeClient succ,local endpoint=127.0.0.1:54592
info|2022-08-08 03:22:56.403855|[NETWORK][Host]startPeerSession, Remote=127.0.0.1:30303,local endpoint=127.0.0.1:54592,nodeID=9d3948aa...
info|2022-08-08 03:22:56.404627|[NETWORK][Host]handshakeClient succ,local endpoint=127.0.0.1:50822
info|2022-08-08 03:22:56.404744|[P2P][Service] Connection established,nodeID=59ffabac...,endpoint=127.0.0.1:30300
info|2022-08-08 03:22:56.404668|[NETWORK][Host]startPeerSession, Remote=127.0.0.1:30300,local endpoint=127.0.0.1:50822,nodeID=59ffabac...
warning|2022-08-08 03:22:56.404851|[NETWORK][Session]doRead error,endpoint=127.0.0.1:43880,message=short read
info|2022-08-08 03:22:56.404859|[NETWORK][Session]drop, call and erase all callbackFunc in this session!,endpoint=127.0.0.1:43880
warning|2022-08-08 03:22:56.404878|[NETWORK][Session][drop] closing remote 127.0.0.1:43880,reason=Low-level TCP communication error.,endpoint=127.0.0.1:43880
warning|2022-08-08 03:22:56.404945|[P2P][Service] disconnect error P2PSession,nodeID=9d3948aa...,endpoint=127.0.0.1:43880,errorCode=3,what=Disconnect
warning|2022-08-08 03:22:56.404956|[P2P][Service] onDisconnect,errorCode=3,what=Dynamic exception type: dev::network::NetworkException
std::exception::what: Disconnect

warning|2022-08-08 03:22:56.405574|[NETWORK][Session][drop] shutdown failed ,errorValue=9,message=Bad file descriptor
error|2022-08-08 03:22:56.412294|[NETWORK][Host]Get ca basic failed
info|2022-08-08 03:22:56.416723|[g:1][g:1][STORAGE][CachedStorage]Init flushStorage thread
info|2022-08-08 03:22:56.417066|[g:1][DBINITIALIZER] [init CachedStorage],maxCapacity=32,maxForwardBlock=10
info|2022-08-08 03:22:56.417106|[NETWORK][Host]handshakeServer succ,remote endpoint=127.0.0.1:43882
info|2022-08-08 03:22:56.417142|[g:1][LEDGER][initLedger][initBlockChain]
info|2022-08-08 03:22:56.417122|[NETWORK][Host]startPeerSession, Remote=127.0.0.1:43882,local endpoint=127.0.0.1:30301,nodeID=2f7817c4...
info|2022-08-08 03:22:56.417285|[g:1][LEDGER]set enableHexBlock to be false,version=34144256
info|2022-08-08 03:22:56.417312|[g:1][BLOCKCHAIN][#checkAndBuildGenesisBlock],shouldBuild=false
error|2022-08-08 03:22:56.421786|[NETWORK][Host]Get ca basic failed
info|2022-08-08 03:22:56.423820|[NETWORK][Host]handshakeServer succ,remote endpoint=127.0.0.1:43884
info|2022-08-08 03:22:56.423842|[g:1][BLOCKCHAIN][#checkAndBuildGenesisBlock]Already have the 0th block, 0th groupMark is equal to file groupMark.
info|2022-08-08 03:22:56.423863|[g:1][LEDGER][initLedger]initBlockChain SUCC
info|2022-08-08 03:22:56.423913|[g:1][DBINITIALIZER] [createStateFactory],type=storage
info|2022-08-08 03:22:56.423938|[g:1][DBINITIALIZER] createStorageState SUCC
info|2022-08-08 03:22:56.423941|[g:1][DBINITIALIZER] [createStateFactory SUCC]
info|2022-08-08 03:22:56.423943|[g:1][DBINITIALIZER] createExecutiveContext...
info|2022-08-08 03:22:56.423958|[g:1][LEDGER]createGasMetric,vmFlagType=0
info|2022-08-08 03:22:56.423963|[g:1][LEDGER]createGasMetric
info|2022-08-08 03:22:56.423972|[g:1][DBINITIALIZER] create precompiledGasFactory and precompiledResultFactory
info|2022-08-08 03:22:56.423974|[g:1][DBINITIALIZER] createExecutiveContext SUCC
info|2022-08-08 03:22:56.423977|[g:1][DBINITIALIZER] [setSyncNumForCachedStorage],syncNum=1
info|2022-08-08 03:22:56.423980|[g:1][LEDGER][initNetworkBandWidthLimiter: outGoingBandwidthLimit has been disabled],groupId=1
info|2022-08-08 03:22:56.423982|[g:1][LEDGER][QPSLimit has been disabled],groupId=1
info|2022-08-08 03:22:56.423985|[g:1][LEDGER][initLedger][initBlockVerifier]
info|2022-08-08 03:22:56.423989|[g:1][LEDGER][initLedger][initBlockVerifier SUCC],evmFlags=0
info|2022-08-08 03:22:56.423992|[g:1][LEDGER][initLedger][initTxPool],txPoolLimit=150000
info|2022-08-08 03:22:56.424011|[NETWORK][Host]startPeerSession, Remote=127.0.0.1:43884,local endpoint=127.0.0.1:30301,nodeID=59ffabac...
info|2022-08-08 03:22:56.425621|[g:1][LEDGER][initLedger]initTxPool SUCC
info|2022-08-08 03:22:56.425641|[g:1][LEDGER][initLedger][initSync],idleWaitMs=200,gossipInterval=1000,gossipPeers=3
info|2022-08-08 03:22:56.425647|[g:1][LEDGER]Init sync master,enableSendBlockStatusByTree=true,enableSendTxsByTree=true
info|2022-08-08 03:22:56.427053|[g:1][LEDGER][initLedger]initSync SUCC
info|2022-08-08 03:22:56.427081|[g:1][LEDGER][initLedger][consensusInitFactory]
info|2022-08-08 03:22:56.427086|[g:1][LEDGER][initLedger][createPBFTSealer]
info|2022-08-08 03:22:56.427089|[g:1][LEDGER][initLedger][createPBFTSealer],baseDir=data//group1,Protocol=65544
info|2022-08-08 03:22:56.427131|[g:1][LEDGER][initLedger]createPBFTSealer for PBFT or rPBFT,consensusType=pbft
info|2022-08-08 03:22:56.427135|[g:1][LEDGER]createConsensusEngine: create PBFTEngine
info|2022-08-08 03:22:56.427140|[g:1][CONSENSUS][PBFT]Register handler for PBFTEngine
info|2022-08-08 03:22:56.430336|[g:1][CONSENSUS][PBFT]setMinBlockGenerationTime,minBlockGenerationTime=500,consensusTime=1000
info|2022-08-08 03:22:56.430358|[g:1][LEDGER][initEventLogFilterManager]initEventLogFilterManager SUCC
info|2022-08-08 03:22:56.430362|[LedgerInitializer init group succ],groupID=1
info|2022-08-08 03:22:56.430886|[INITIALIZER][RPCInitializer JsonrpcHttpServer started],jsonrpc_IP=127.0.0.1,jsonrpc_listen_port=8546,ipv6=false,disableDynamicGroup=false
info|2022-08-08 03:22:56.430900|[g:1][LEDGER]startAll...
info|2022-08-08 03:22:56.432632|[g:1][NodeTimeMaintenance]updateTimeInfo: update median time offset,updatedMedianTimeOffset=0,peer=2f7817c4...,peerTime=1659954176432,peerOffset=0,utcTime=1659954176432
info|2022-08-08 03:22:56.433464|[g:1][GossipBlockStatus]start GossipBlockStatus succ
info|2022-08-08 03:22:56.433495|[g:1][CONSENSUS][ConsensusEngine][Start ConsensusEngineBase]
info|2022-08-08 03:22:56.433841|[g:1][CONSENSUS][PBFT]^^^^^^^^Report,num=1,sealerIdx=2,hash=311df853...,next=2,tx=1,nodeIdx=0
info|2022-08-08 03:22:56.434157|[g:1][NodeTimeMaintenance]updateTimeInfo: update median time offset,updatedMedianTimeOffset=-1,peer=59ffabac...,peerTime=1659954176432,peerOffset=-2,utcTime=1659954176434
info|2022-08-08 03:22:56.434348|[g:1][SYNC][id:180d17cd...]DownloadingBlockQueue: clearQueue and ReleaseFreeMemory
info|2022-08-08 03:22:56.434398|[g:1][ROCKSDB]open rocksDB handler,path=data//group1/pbftMsgBackup/RocksDB
info|2022-08-08 03:22:56.458878|[g:1][CONSENSUS][PBFT][PBFT init env successfully]
info|2022-08-08 03:22:56.458900|[g:1][CONSENSUS][PBFT][Start PBFTEngine...]
info|2022-08-08 03:22:56.458906|[g:1][CONSENSUS][SEALER][Start sealer module]
info|2022-08-08 03:22:56.459088|[g:1][SYNC][id:180d17cd...]DownloadingBlockQueue: clearQueue and ReleaseFreeMemory
info|2022-08-08 03:22:56.459470|[g:1][EVENT][EventLogFilterManager]start,m_maxBlockRange=0,m_maxBlockPerLoopFilter=3
info|2022-08-08 03:22:56.659654|[g:1][SYNC][id:180d17cd...]DownloadingBlockQueue: clearQueue and ReleaseFreeMemory
info|2022-08-08 03:22:56.859874|[g:1][SYNC][id:180d17cd...]DownloadingBlockQueue: clearQueue and ReleaseFreeMemory
info|2022-08-08 03:22:57.060156|[g:1][SYNC][id:180d17cd...]DownloadingBlockQueue: clearQueue and ReleaseFreeMemory
info|2022-08-08 03:22:57.260938|[g:1][SYNC][id:180d17cd...]DownloadingBlockQueue: clearQueue and ReleaseFreeMemory
info|2022-08-08 03:22:57.462582|[g:1][SYNC][id:180d17cd...]DownloadingBlockQueue: clearQueue and ReleaseFreeMemory
info|2022-08-08 03:22:57.473878|[g:1][CONSENSUS]addRawPrepare,height=2,reqIdx=1,hash=8ae1dd76...,time=0
info|2022-08-08 03:22:57.474390|[g:1][SYNC][id:180d17cd...]DownloadingBlockQueue: clearQueue and ReleaseFreeMemory
info|2022-08-08 03:22:57.475199|[g:1][CONSENSUS][PBFT]checkTimeout Succ,view=0,toView=1,nodeIdx=0,changeCycle=1,myNode=180d17cd...,timecost=1
info|2022-08-08 03:22:57.475561|[g:1][SYNC][id:180d17cd...]DownloadingBlockQueue: clearQueue and ReleaseFreeMemory
info|2022-08-08 03:22:57.476356|[g:1][CONSENSUS][PBFT]checkAndChangeView: Reach consensus,org_view=0,cur_changeCycle=1,curView=0,view=1
info|2022-08-08 03:22:57.476519|[g:1][SYNC][id:180d17cd...]DownloadingBlockQueue: clearQueue and ReleaseFreeMemory
info|2022-08-08 03:22:57.677238|[g:1][SYNC][id:180d17cd...]DownloadingBlockQueue: clearQueue and ReleaseFreeMemory
info|2022-08-08 03:22:57.878132|[g:1][SYNC][id:180d17cd...]DownloadingBlockQueue: clearQueue and ReleaseFreeMemory
info|2022-08-08 03:22:58.078588|[g:1][SYNC][id:180d17cd...]DownloadingBlockQueue: clearQueue and ReleaseFreeMemory
info|2022-08-08 03:22:58.279086|[g:1][SYNC][id:180d17cd...]DownloadingBlockQueue: clearQueue and ReleaseFreeMemory
info|2022-08-08 03:22:58.479395|[g:1][SYNC][id:180d17cd...]DownloadingBlockQueue: clearQueue and ReleaseFreeMemory
info|2022-08-08 03:22:58.481427|[g:1][CONSENSUS]addRawPrepare,height=2,reqIdx=2,hash=b70ad7fb...,time=0
info|2022-08-08 03:22:58.481828|[g:1][CONSENSUS][PBFT]checkTimeout Succ,view=1,toView=2,nodeIdx=0,changeCycle=1,myNode=180d17cd...,timecost=0
info|2022-08-08 03:22:58.482252|[g:1][SYNC][id:180d17cd...]DownloadingBlockQueue: clearQueue and ReleaseFreeMemory
info|2022-08-08 03:22:58.482527|[g:1][CONSENSUS][PBFT]checkAndChangeView: Reach consensus,org_view=1,cur_changeCycle=1,curView=1,view=2
info|2022-08-08 03:22:58.483182|[g:1][SYNC][id:180d17cd...]DownloadingBlockQueue: clearQueue and ReleaseFreeMemory
info|2022-08-08 03:22:58.684105|[g:1][SYNC][id:180d17cd...]DownloadingBlockQueue: clearQueue and ReleaseFreeMemory
info|2022-08-08 03:22:58.884832|[g:1][SYNC][id:180d17cd...]DownloadingBlockQueue: clearQueue and ReleaseFreeMemory
info|2022-08-08 03:22:59.085697|[g:1][SYNC][id:180d17cd...]DownloadingBlockQueue: clearQueue and ReleaseFreeMemory
info|2022-08-08 03:22:59.286607|[g:1][SYNC][id:180d17cd...]DownloadingBlockQueue: clearQueue and ReleaseFreeMemory
info|2022-08-08 03:22:59.486844|[g:1][SYNC][id:180d17cd...]DownloadingBlockQueue: clearQueue and ReleaseFreeMemory
info|2022-08-08 03:22:59.487559|[g:1][CONSENSUS]addRawPrepare,height=2,reqIdx=3,hash=122c7122...,time=0
info|2022-08-08 03:22:59.488094|[g:1][SYNC][id:180d17cd...]DownloadingBlockQueue: clearQueue and ReleaseFreeMemory
info|2022-08-08 03:22:59.488374|[g:1][CONSENSUS][PBFT]checkTimeout Succ,view=2,toView=3,nodeIdx=0,changeCycle=1,myNode=180d17cd...,timecost=1
info|2022-08-08 03:22:59.488721|[g:1][SYNC][id:180d17cd...]DownloadingBlockQueue: clearQueue and ReleaseFreeMemory
info|2022-08-08 03:22:59.489416|[g:1][CONSENSUS][PBFT]checkAndChangeView: Reach consensus,org_view=2,cur_changeCycle=1,curView=2,view=3
info|2022-08-08 03:22:59.489561|[g:1][SYNC][id:180d17cd...]DownloadingBlockQueue: clearQueue and ReleaseFreeMemory
info|2022-08-08 03:22:59.690481|[g:1][SYNC][id:180d17cd...]DownloadingBlockQueue: clearQueue and ReleaseFreeMemory
info|2022-08-08 03:22:59.890913|[g:1][SYNC][id:180d17cd...]DownloadingBlockQueue: clearQueue and ReleaseFreeMemory
info|2022-08-08 03:23:00.091545|[g:1][SYNC][id:180d17cd...]DownloadingBlockQueue: clearQueue and ReleaseFreeMemory
info|2022-08-08 03:23:00.292116|[g:1][SYNC][id:180d17cd...]DownloadingBlockQueue: clearQueue and ReleaseFreeMemory
info|2022-08-08 03:23:00.490285|[g:1][CONSENSUS][SEALER]++++++++++++++++ Generating seal on,blkNum=2,tx=0,nodeIdx=0,hash=330c569b...
info|2022-08-08 03:23:00.490578|[g:1][SYNC][id:180d17cd...]DownloadingBlockQueue: clearQueue and ReleaseFreeMemory
info|2022-08-08 03:23:00.494011|[g:1][SYNC][id:180d17cd...]DownloadingBlockQueue: clearQueue and ReleaseFreeMemory
info|2022-08-08 03:23:00.494591|[g:1][CONSENSUS][PBFT]checkTimeout Succ,view=3,toView=4,nodeIdx=0,changeCycle=1,myNode=180d17cd...,timecost=1
info|2022-08-08 03:23:00.494831|[g:1][SYNC][id:180d17cd...]DownloadingBlockQueue: clearQueue and ReleaseFreeMemory
info|2022-08-08 03:23:00.495387|[g:1][CONSENSUS][PBFT]checkAndChangeView: Reach consensus,org_view=3,cur_changeCycle=1,curView=3,view=4
info|2022-08-08 03:23:00.495696|[g:1][SYNC][id:180d17cd...]DownloadingBlockQueue: clearQueue and ReleaseFreeMemory
info|2022-08-08 03:23:00.696061|[g:1][SYNC][id:180d17cd...]DownloadingBlockQueue: clearQueue and ReleaseFreeMemory
info|2022-08-08 03:23:00.896405|[g:1][SYNC][id:180d17cd...]DownloadingBlockQueue: clearQueue and ReleaseFreeMemory
info|2022-08-08 03:23:01.097142|[g:1][SYNC][id:180d17cd...]DownloadingBlockQueue: clearQueue and ReleaseFreeMemory
info|2022-08-08 03:23:01.297433|[g:1][SYNC][id:180d17cd...]DownloadingBlockQueue: clearQueue and ReleaseFreeMemory
info|2022-08-08 03:23:01.497771|[g:1][SYNC][id:180d17cd...]DownloadingBlockQueue: clearQueue and ReleaseFreeMemory
info|2022-08-08 03:23:01.500169|[g:1][CONSENSUS]addRawPrepare,height=2,reqIdx=1,hash=e77e70c3...,time=0
info|2022-08-08 03:23:01.501723|[g:1][SYNC][id:180d17cd...]DownloadingBlockQueue: clearQueue and ReleaseFreeMemory
info|2022-08-08 03:23:01.501947|[g:1][CONSENSUS][PBFT]checkTimeout Succ,view=4,toView=5,nodeIdx=0,changeCycle=1,myNode=180d17cd...,timecost=0
info|2022-08-08 03:23:01.502168|[g:1][SYNC][id:180d17cd...]DownloadingBlockQueue: clearQueue and ReleaseFreeMemory
info|2022-08-08 03:23:01.503243|[g:1][CONSENSUS][PBFT]checkAndChangeView: Reach consensus,org_view=4,cur_changeCycle=1,curView=4,view=5
info|2022-08-08 03:23:01.503473|[g:1][SYNC][id:180d17cd...]DownloadingBlockQueue: clearQueue and ReleaseFreeMemory
info|2022-08-08 03:23:01.704404|[g:1][SYNC][id:180d17cd...]DownloadingBlockQueue: clearQueue and ReleaseFreeMemory
info|2022-08-08 03:23:01.905422|[g:1][SYNC][id:180d17cd...]DownloadingBlockQueue: clearQueue and ReleaseFreeMemory
info|2022-08-08 03:23:02.106247|[g:1][SYNC][id:180d17cd...]DownloadingBlockQueue: clearQueue and ReleaseFreeMemory
info|2022-08-08 03:23:02.306998|[g:1][SYNC][id:180d17cd...]DownloadingBlockQueue: clearQueue and ReleaseFreeMemory
info|2022-08-08 03:23:02.504948|[g:1][CONSENSUS]addRawPrepare,height=2,reqIdx=2,hash=f0bb0069...,time=0
info|2022-08-08 03:23:02.505427|[g:1][SYNC][id:180d17cd...]DownloadingBlockQueue: clearQueue and ReleaseFreeMemory
info|2022-08-08 03:23:02.505888|[g:1][CONSENSUS][PBFT]checkTimeout Succ,view=5,toView=6,nodeIdx=0,changeCycle=1,myNode=180d17cd...,timecost=0
info|2022-08-08 03:23:02.506105|[g:1][SYNC][id:180d17cd...]DownloadingBlockQueue: clearQueue and ReleaseFreeMemory
info|2022-08-08 03:23:02.508050|[g:1][CONSENSUS][PBFT]checkAndChangeView: Reach consensus,org_view=5,cur_changeCycle=1,curView=5,view=6
info|2022-08-08 03:23:02.508245|[g:1][SYNC][id:180d17cd...]DownloadingBlockQueue: clearQueue and ReleaseFreeMemory
info|2022-08-08 03:23:02.708873|[g:1][SYNC][id:180d17cd...]DownloadingBlockQueue: clearQueue and ReleaseFreeMemory
info|2022-08-08 03:23:02.909712|[g:1][SYNC][id:180d17cd...]DownloadingBlockQueue: clearQueue and ReleaseFreeMemory
info|2022-08-08 03:23:03.109886|[g:1][SYNC][id:180d17cd...]DownloadingBlockQueue: clearQueue and ReleaseFreeMemory
info|2022-08-08 03:23:03.310195|[g:1][SYNC][id:180d17cd...]DownloadingBlockQueue: clearQueue and ReleaseFreeMemory
info|2022-08-08 03:23:03.510554|[g:1][SYNC][id:180d17cd...]DownloadingBlockQueue: clearQueue and ReleaseFreeMemory
info|2022-08-08 03:23:03.511465|[g:1][CONSENSUS]addRawPrepare,height=2,reqIdx=3,hash=6daaf58b...,time=0
info|2022-08-08 03:23:03.511738|[g:1][SYNC][id:180d17cd...]DownloadingBlockQueue: clearQueue and ReleaseFreeMemory
info|2022-08-08 03:23:03.512008|[g:1][CONSENSUS][PBFT]checkTimeout Succ,view=6,toView=7,nodeIdx=0,changeCycle=1,myNode=180d17cd...,timecost=1
info|2022-08-08 03:23:03.512195|[g:1][SYNC][id:180d17cd...]DownloadingBlockQueue: clearQueue and ReleaseFreeMemory
info|2022-08-08 03:23:03.512918|[g:1][CONSENSUS][PBFT]checkAndChangeView: Reach consensus,org_view=6,cur_changeCycle=1,curView=6,view=7
info|2022-08-08 03:23:03.513037|[g:1][SYNC][id:180d17cd...]DownloadingBlockQueue: clearQueue and ReleaseFreeMemory
info|2022-08-08 03:23:03.713543|[g:1][SYNC][id:180d17cd...]DownloadingBlockQueue: clearQueue and ReleaseFreeMemory
info|2022-08-08 03:23:03.914190|[g:1][SYNC][id:180d17cd...]DownloadingBlockQueue: clearQueue and ReleaseFreeMemory
info|2022-08-08 03:23:04.114413|[g:1][SYNC][id:180d17cd...]DownloadingBlockQueue: clearQueue and ReleaseFreeMemory
info|2022-08-08 03:23:04.314856|[g:1][SYNC][id:180d17cd...]DownloadingBlockQueue: clearQueue and ReleaseFreeMemory
info|2022-08-08 03:23:04.513884|[g:1][CONSENSUS][SEALER]++++++++++++++++ Generating seal on,blkNum=2,tx=0,nodeIdx=0,hash=c6de22ee...
info|2022-08-08 03:23:04.514110|[g:1][SYNC][id:180d17cd...]DownloadingBlockQueue: clearQueue and ReleaseFreeMemory
info|2022-08-08 03:23:04.516949|[g:1][SYNC][id:180d17cd...]DownloadingBlockQueue: clearQueue and ReleaseFreeMemory
info|2022-08-08 03:23:04.517594|[g:1][CONSENSUS][PBFT]checkTimeout Succ,view=7,toView=8,nodeIdx=0,changeCycle=1,myNode=180d17cd...,timecost=1
info|2022-08-08 03:23:04.517990|[g:1][SYNC][id:180d17cd...]DownloadingBlockQueue: clearQueue and ReleaseFreeMemory
info|2022-08-08 03:23:04.518631|[g:1][CONSENSUS][PBFT]checkAndChangeView: Reach consensus,org_view=7,cur_changeCycle=1,curView=7,view=8
info|2022-08-08 03:23:04.518921|[g:1][SYNC][id:180d17cd...]DownloadingBlockQueue: clearQueue and ReleaseFreeMemory
info|2022-08-08 03:23:04.719485|[g:1][SYNC][id:180d17cd...]DownloadingBlockQueue: clearQueue and ReleaseFreeMemory
info|2022-08-08 03:23:04.920222|[g:1][SYNC][id:180d17cd...]DownloadingBlockQueue: clearQueue and ReleaseFreeMemory
info|2022-08-08 03:23:05.120637|[g:1][SYNC][id:180d17cd...]DownloadingBlockQueue: clearQueue and ReleaseFreeMemory
info|2022-08-08 03:23:05.321778|[g:1][SYNC][id:180d17cd...]DownloadingBlockQueue: clearQueue and ReleaseFreeMemory
info|2022-08-08 03:23:05.521242|[g:1][CONSENSUS]addRawPrepare,height=2,reqIdx=1,hash=d3d74d26...,time=0
info|2022-08-08 03:23:05.521453|[g:1][SYNC][id:180d17cd...]DownloadingBlockQueue: clearQueue and ReleaseFreeMemory
info|2022-08-08 03:23:05.522161|[g:1][CONSENSUS][PBFT]checkTimeout Succ,view=8,toView=9,nodeIdx=0,changeCycle=1,myNode=180d17cd...,timecost=1
info|2022-08-08 03:23:05.523485|[g:1][SYNC][id:180d17cd...]DownloadingBlockQueue: clearQueue and ReleaseFreeMemory
info|2022-08-08 03:23:05.524297|[g:1][CONSENSUS][PBFT]checkAndChangeView: Reach consensus,org_view=8,cur_changeCycle=1,curView=8,view=9
info|2022-08-08 03:23:05.524526|[g:1][SYNC][id:180d17cd...]DownloadingBlockQueue: clearQueue and ReleaseFreeMemory
info|2022-08-08 03:23:05.725359|[g:1][SYNC][id:180d17cd...]DownloadingBlockQueue: clearQueue and ReleaseFreeMemory
info|2022-08-08 03:23:05.925816|[g:1][SYNC][id:180d17cd...]DownloadingBlockQueue: clearQueue and ReleaseFreeMemory
info|2022-08-08 03:23:06.126285|[g:1][SYNC][id:180d17cd...]DownloadingBlockQueue: clearQueue and ReleaseFreeMemory
info|2022-08-08 03:23:06.326670|[g:1][SYNC][id:180d17cd...]DownloadingBlockQueue: clearQueue and ReleaseFreeMemory
info|2022-08-08 03:23:06.364766|[NETWORK][Host]Connecting to node,endpoint=127.0.0.1:30303
info|2022-08-08 03:23:06.364856|[P2P][Service] heartBeat,connected count=2
info|2022-08-08 03:23:06.364980|[NETWORK][ASIO]asyncResolveConnect,endpoint=127.0.0.1:30303
info|2022-08-08 03:23:06.365107|[NETWORK][Host]P2P Recv Connect, From=127.0.0.1:43886
info|2022-08-08 03:23:06.365143|[NETWORK][Host]P2P StartAccept,Host=0.0.0.0:30301
error|2022-08-08 03:23:06.366099|[NETWORK][Host]Get ca basic failed
error|2022-08-08 03:23:06.369896|[NETWORK][Host]Get ca basic failed
info|2022-08-08 03:23:06.372438|[NETWORK][Host]handshakeServer succ,remote endpoint=127.0.0.1:43886
info|2022-08-08 03:23:06.372497|[NETWORK][Host]startPeerSession, Remote=127.0.0.1:43886,local endpoint=127.0.0.1:30301,nodeID=9d3948aa...
info|2022-08-08 03:23:06.372575|[P2P][Service] Connection established,nodeID=9d3948aa...,endpoint=127.0.0.1:43886
info|2022-08-08 03:23:06.372594|[NETWORK][Host]handshakeClient succ,local endpoint=127.0.0.1:54600
info|2022-08-08 03:23:06.372630|[NETWORK][Host]startPeerSession, Remote=127.0.0.1:30303,local endpoint=127.0.0.1:54600,nodeID=9d3948aa...
warning|2022-08-08 03:23:06.372717|[NETWORK][Session]doRead error,endpoint=127.0.0.1:43886,message=short read
info|2022-08-08 03:23:06.372749|[NETWORK][Session]drop, call and erase all callbackFunc in this session!,endpoint=127.0.0.1:43886
warning|2022-08-08 03:23:06.372771|[P2P][Service] disconnect error P2PSession,nodeID=9d3948aa...,endpoint=127.0.0.1:43886,errorCode=3,what=Disconnect
warning|2022-08-08 03:23:06.372785|[P2P][Service] onDisconnect,errorCode=3,what=Dynamic exception type: dev::network::NetworkException
std::exception::what: Disconnect

warning|2022-08-08 03:23:06.372808|[NETWORK][Session][drop] closing remote 0.0.0.0:0,reason=Low-level TCP communication error.,endpoint=127.0.0.1:43886
warning|2022-08-08 03:23:06.372850|[NETWORK][Session][drop] shutdown failed ,errorValue=9,message=Bad file descriptor
info|2022-08-08 03:23:06.526869|[g:1][SYNC][id:180d17cd...]DownloadingBlockQueue: clearQueue and ReleaseFreeMemory
info|2022-08-08 03:23:06.528147|[g:1][CONSENSUS]addRawPrepare,height=2,reqIdx=2,hash=44e15107...,time=0
info|2022-08-08 03:23:06.528283|[g:1][SYNC][id:180d17cd...]DownloadingBlockQueue: clearQueue and ReleaseFreeMemory
info|2022-08-08 03:23:06.528430|[g:1][CONSENSUS][PBFT]checkTimeout Succ,view=9,toView=10,nodeIdx=0,changeCycle=1,myNode=180d17cd...,timecost=0
info|2022-08-08 03:23:06.529728|[g:1][SYNC][id:180d17cd...]DownloadingBlockQueue: clearQueue and ReleaseFreeMemory
info|2022-08-08 03:23:06.531051|[g:1][CONSENSUS][PBFT]checkAndChangeView: Reach consensus,org_view=9,cur_changeCycle=1,curView=9,view=10
info|2022-08-08 03:23:06.531297|[g:1][SYNC][id:180d17cd...]DownloadingBlockQueue: clearQueue and ReleaseFreeMemory
info|2022-08-08 03:23:06.732190|[g:1][SYNC][id:180d17cd...]DownloadingBlockQueue: clearQueue and ReleaseFreeMemory
info|2022-08-08 03:23:06.933126|[g:1][SYNC][id:180d17cd...]DownloadingBlockQueue: clearQueue and ReleaseFreeMemory
info|2022-08-08 03:23:07.134075|[g:1][SYNC][id:180d17cd...]DownloadingBlockQueue: clearQueue and ReleaseFreeMemory
info|2022-08-08 03:23:07.334618|[g:1][SYNC][id:180d17cd...]DownloadingBlockQueue: clearQueue and ReleaseFreeMemory
info|2022-08-08 03:23:07.534825|[g:1][SYNC][id:180d17cd...]DownloadingBlockQueue: clearQueue and ReleaseFreeMemory
info|2022-08-08 03:23:07.536238|[g:1][CONSENSUS]addRawPrepare,height=2,reqIdx=3,hash=5a56e959...,time=0
info|2022-08-08 03:23:07.536497|[g:1][SYNC][id:180d17cd...]DownloadingBlockQueue: clearQueue and ReleaseFreeMemory
info|2022-08-08 03:23:07.536693|[g:1][CONSENSUS][PBFT]checkTimeout Succ,view=10,toView=11,nodeIdx=0,changeCycle=1,myNode=180d17cd...,timecost=0
info|2022-08-08 03:23:07.536850|[g:1][SYNC][id:180d17cd...]DownloadingBlockQueue: clearQueue and ReleaseFreeMemory
info|2022-08-08 03:23:07.537560|[g:1][CONSENSUS][PBFT]checkAndChangeView: Reach consensus,org_view=10,cur_changeCycle=1,curView=10,view=11
info|2022-08-08 03:23:07.537788|[g:1][SYNC][id:180d17cd...]DownloadingBlockQueue: clearQueue and ReleaseFreeMemory
info|2022-08-08 03:23:07.738085|[g:1][SYNC][id:180d17cd...]DownloadingBlockQueue: clearQueue and ReleaseFreeMemory
info|2022-08-08 03:23:07.938274|[g:1][SYNC][id:180d17cd...]DownloadingBlockQueue: clearQueue and ReleaseFreeMemory
info|2022-08-08 03:23:08.138634|[g:1][SYNC][id:180d17cd...]DownloadingBlockQueue: clearQueue and ReleaseFreeMemory
info|2022-08-08 03:23:08.338900|[g:1][SYNC][id:180d17cd...]DownloadingBlockQueue: clearQueue and ReleaseFreeMemory
info|2022-08-08 03:23:08.538414|[g:1][CONSENSUS][SEALER]++++++++++++++++ Generating seal on,blkNum=2,tx=0,nodeIdx=0,hash=ec348434...
info|2022-08-08 03:23:08.538606|[g:1][SYNC][id:180d17cd...]DownloadingBlockQueue: clearQueue and ReleaseFreeMemory
info|2022-08-08 03:23:08.542371|[g:1][SYNC][id:180d17cd...]DownloadingBlockQueue: clearQueue and ReleaseFreeMemory
info|2022-08-08 03:23:08.542615|[g:1][CONSENSUS][PBFT]checkTimeout Succ,view=11,toView=12,nodeIdx=0,changeCycle=1,myNode=180d17cd...,timecost=0
info|2022-08-08 03:23:08.542892|[g:1][SYNC][id:180d17cd...]DownloadingBlockQueue: clearQueue and ReleaseFreeMemory
info|2022-08-08 03:23:08.543066|[g:1][CONSENSUS][PBFT]checkAndChangeView: Reach consensus,org_view=11,cur_changeCycle=1,curView=11,view=12
info|2022-08-08 03:23:08.543239|[g:1][SYNC][id:180d17cd...]DownloadingBlockQueue: clearQueue and ReleaseFreeMemory
info|2022-08-08 03:23:08.743624|[g:1][SYNC][id:180d17cd...]DownloadingBlockQueue: clearQueue and ReleaseFreeMemory
info|2022-08-08 03:23:08.943833|[g:1][SYNC][id:180d17cd...]DownloadingBlockQueue: clearQueue and ReleaseFreeMemory
info|2022-08-08 03:23:09.144195|[g:1][SYNC][id:180d17cd...]DownloadingBlockQueue: clearQueue and ReleaseFreeMemory
info|2022-08-08 03:23:09.344801|[g:1][SYNC][id:180d17cd...]DownloadingBlockQueue: clearQueue and ReleaseFreeMemory
info|2022-08-08 03:23:09.543785|[g:1][CONSENSUS]addRawPrepare,height=2,reqIdx=1,hash=4bf56562...,time=0
info|2022-08-08 03:23:09.544019|[g:1][SYNC][id:180d17cd...]DownloadingBlockQueue: clearQueue and ReleaseFreeMemory
info|2022-08-08 03:23:09.545086|[g:1][CONSENSUS][PBFT]checkTimeout Succ,view=12,toView=13,nodeIdx=0,changeCycle=1,myNode=180d17cd...,timecost=2
info|2022-08-08 03:23:09.545326|[g:1][SYNC][id:180d17cd...]DownloadingBlockQueue: clearQueue and ReleaseFreeMemory
info|2022-08-08 03:23:09.546583|[g:1][CONSENSUS][PBFT]checkAndChangeView: Reach consensus,org_view=12,cur_changeCycle=1,curView=12,view=13
info|2022-08-08 03:23:09.546727|[g:1][SYNC][id:180d17cd...]DownloadingBlockQueue: clearQueue and ReleaseFreeMemory
info|2022-08-08 03:23:09.747264|[g:1][SYNC][id:180d17cd...]DownloadingBlockQueue: clearQueue and ReleaseFreeMemory
info|2022-08-08 03:23:09.948106|[g:1][SYNC][id:180d17cd...]DownloadingBlockQueue: clearQueue and ReleaseFreeMemory
info|2022-08-08 03:23:10.148495|[g:1][SYNC][id:180d17cd...]DownloadingBlockQueue: clearQueue and ReleaseFreeMemory
info|2022-08-08 03:23:10.349167|[g:1][SYNC][id:180d17cd...]DownloadingBlockQueue: clearQueue and ReleaseFreeMemory
info|2022-08-08 03:23:10.549449|[g:1][SYNC][id:180d17cd...]DownloadingBlockQueue: clearQueue and ReleaseFreeMemory
info|2022-08-08 03:23:10.549940|[g:1][CONSENSUS]addRawPrepare,height=2,reqIdx=2,hash=2172a826...,time=0
info|2022-08-08 03:23:10.550239|[g:1][SYNC][id:180d17cd...]DownloadingBlockQueue: clearQueue and ReleaseFreeMemory
info|2022-08-08 03:23:10.550624|[g:1][CONSENSUS][PBFT]checkTimeout Succ,view=13,toView=14,nodeIdx=0,changeCycle=1,myNode=180d17cd...,timecost=0
info|2022-08-08 03:23:10.550954|[g:1][SYNC][id:180d17cd...]DownloadingBlockQueue: clearQueue and ReleaseFreeMemory
info|2022-08-08 03:23:10.553647|[g:1][CONSENSUS][PBFT]checkAndChangeView: Reach consensus,org_view=13,cur_changeCycle=1,curView=13,view=14
info|2022-08-08 03:23:10.554454|[g:1][SYNC][id:180d17cd...]DownloadingBlockQueue: clearQueue and ReleaseFreeMemory
info|2022-08-08 03:23:10.755006|[g:1][SYNC][id:180d17cd...]DownloadingBlockQueue: clearQueue and ReleaseFreeMemory
info|2022-08-08 03:23:10.955394|[g:1][SYNC][id:180d17cd...]DownloadingBlockQueue: clearQueue and ReleaseFreeMemory
info|2022-08-08 03:23:11.155537|[g:1][SYNC][id:180d17cd...]DownloadingBlockQueue: clearQueue and ReleaseFreeMemory
info|2022-08-08 03:23:11.356002|[g:1][SYNC][id:180d17cd...]DownloadingBlockQueue: clearQueue and ReleaseFreeMemory
info|2022-08-08 03:23:11.409897|[NETWORK][Session]Received topic: [2] from 59ffabac844c905d3ea58ee863fde935d3594ebe5c3c1b725b125b6b6ac7da975d08e8060a8c0e5a16e6a6e6ebe0fa5382c68264e4ba07487aa94d9d0956799b
info|2022-08-08 03:23:11.555852|[g:1][CONSENSUS]addRawPrepare,height=2,reqIdx=3,hash=d4723430...,time=0
info|2022-08-08 03:23:11.556156|[g:1][SYNC][id:180d17cd...]DownloadingBlockQueue: clearQueue and ReleaseFreeMemory
info|2022-08-08 03:23:11.556498|[g:1][CONSENSUS][PBFT]checkTimeout Succ,view=14,toView=15,nodeIdx=0,changeCycle=1,myNode=180d17cd...,timecost=1
info|2022-08-08 03:23:11.556757|[g:1][SYNC][id:180d17cd...]DownloadingBlockQueue: clearQueue and ReleaseFreeMemory
info|2022-08-08 03:23:11.557784|[g:1][CONSENSUS][PBFT]checkAndChangeView: Reach consensus,org_view=14,cur_changeCycle=1,curView=14,view=15
info|2022-08-08 03:23:11.558092|[g:1][SYNC][id:180d17cd...]DownloadingBlockQueue: clearQueue and ReleaseFreeMemory
info|2022-08-08 03:23:11.758281|[g:1][SYNC][id:180d17cd...]DownloadingBlockQueue: clearQueue and ReleaseFreeMemory
info|2022-08-08 03:23:11.959567|[g:1][SYNC][id:180d17cd...]DownloadingBlockQueue: clearQueue and ReleaseFreeMemory
info|2022-08-08 03:23:12.160018|[g:1][SYNC][id:180d17cd...]DownloadingBlockQueue: clearQueue and ReleaseFreeMemory
info|2022-08-08 03:23:12.360253|[g:1][SYNC][id:180d17cd...]DownloadingBlockQueue: clearQueue and ReleaseFreeMemory
info|2022-08-08 03:23:12.558421|[g:1][CONSENSUS][SEALER]++++++++++++++++ Generating seal on,blkNum=2,tx=0,nodeIdx=0,hash=4c0f434e...
info|2022-08-08 03:23:12.558672|[g:1][SYNC][id:180d17cd...]DownloadingBlockQueue: clearQueue and ReleaseFreeMemory
info|2022-08-08 03:23:12.559162|[g:1][SYNC][id:180d17cd...]DownloadingBlockQueue: clearQueue and ReleaseFreeMemory
info|2022-08-08 03:23:12.559255|[g:1][CONSENSUS][PBFT]checkTimeout Succ,view=15,toView=16,nodeIdx=0,changeCycle=1,myNode=180d17cd...,timecost=1
info|2022-08-08 03:23:12.559675|[g:1][SYNC][id:180d17cd...]DownloadingBlockQueue: clearQueue and ReleaseFreeMemory
info|2022-08-08 03:23:12.562782|[g:1][CONSENSUS][PBFT]checkAndChangeView: Reach consensus,org_view=15,cur_changeCycle=1,curView=15,view=16
info|2022-08-08 03:23:12.563030|[g:1][SYNC][id:180d17cd...]DownloadingBlockQueue: clearQueue and ReleaseFreeMemory
info|2022-08-08 03:23:12.763449|[g:1][SYNC][id:180d17cd...]DownloadingBlockQueue: clearQueue and ReleaseFreeMemory
info|2022-08-08 03:23:12.964076|[g:1][SYNC][id:180d17cd...]DownloadingBlockQueue: clearQueue and ReleaseFreeMemory
info|2022-08-08 03:23:13.164519|[g:1][SYNC][id:180d17cd...]DownloadingBlockQueue: clearQueue and ReleaseFreeMemory
info|2022-08-08 03:23:13.364944|[g:1][SYNC][id:180d17cd...]DownloadingBlockQueue: clearQueue and ReleaseFreeMemory
info|2022-08-08 03:23:13.564411|[g:1][CONSENSUS]addRawPrepare,height=2,reqIdx=1,hash=cb4ea144...,time=0
info|2022-08-08 03:23:13.564992|[g:1][SYNC][id:180d17cd...]DownloadingBlockQueue: clearQueue and ReleaseFreeMemory
info|2022-08-08 03:23:13.566967|[g:1][CONSENSUS][PBFT]checkTimeout Succ,view=16,toView=17,nodeIdx=0,changeCycle=1,myNode=180d17cd...,timecost=3
info|2022-08-08 03:23:13.568297|[g:1][SYNC][id:180d17cd...]DownloadingBlockQueue: clearQueue and ReleaseFreeMemory
info|2022-08-08 03:23:13.569058|[g:1][CONSENSUS][PBFT]checkAndChangeView: Reach consensus,org_view=16,cur_changeCycle=1,curView=16,view=17
info|2022-08-08 03:23:13.569310|[g:1][SYNC][id:180d17cd...]DownloadingBlockQueue: clearQueue and ReleaseFreeMemory
info|2022-08-08 03:23:13.770255|[g:1][SYNC][id:180d17cd...]DownloadingBlockQueue: clearQueue and ReleaseFreeMemory
info|2022-08-08 03:23:13.971068|[g:1][SYNC][id:180d17cd...]DownloadingBlockQueue: clearQueue and ReleaseFreeMemory
info|2022-08-08 03:23:14.172285|[g:1][SYNC][id:180d17cd...]DownloadingBlockQueue: clearQueue and ReleaseFreeMemory
info|2022-08-08 03:23:14.372754|[g:1][SYNC][id:180d17cd...]DownloadingBlockQueue: clearQueue and ReleaseFreeMemory
info|2022-08-08 03:23:14.571764|[g:1][CONSENSUS]addRawPrepare,height=2,reqIdx=2,hash=8f5dad00...,time=0
info|2022-08-08 03:23:14.571952|[g:1][SYNC][id:180d17cd...]DownloadingBlockQueue: clearQueue and ReleaseFreeMemory
info|2022-08-08 03:23:14.572089|[g:1][CONSENSUS][PBFT]checkTimeout Succ,view=17,toView=18,nodeIdx=0,changeCycle=1,myNode=180d17cd...,timecost=1
info|2022-08-08 03:23:14.572399|[g:1][SYNC][id:180d17cd...]DownloadingBlockQueue: clearQueue and ReleaseFreeMemory
info|2022-08-08 03:23:14.573169|[g:1][CONSENSUS][PBFT]checkAndChangeView: Reach consensus,org_view=17,cur_changeCycle=1,curView=17,view=18
info|2022-08-08 03:23:14.573454|[g:1][SYNC][id:180d17cd...]DownloadingBlockQueue: clearQueue and ReleaseFreeMemory
info|2022-08-08 03:23:14.774620|[g:1][SYNC][id:180d17cd...]DownloadingBlockQueue: clearQueue and ReleaseFreeMemory
info|2022-08-08 03:23:14.975222|[g:1][SYNC][id:180d17cd...]DownloadingBlockQueue: clearQueue and ReleaseFreeMemory
info|2022-08-08 03:23:15.176066|[g:1][SYNC][id:180d17cd...]DownloadingBlockQueue: clearQueue and ReleaseFreeMemory
info|2022-08-08 03:23:15.377438|[g:1][SYNC][id:180d17cd...]DownloadingBlockQueue: clearQueue and ReleaseFreeMemory
info|2022-08-08 03:23:15.466268|[LEDGER]stop sealer,groupID=1
info|2022-08-08 03:23:15.466305|[CONSENSUS][SEALER]Stop sealer module...
info|2022-08-08 03:23:15.470057|[CONSENSUS][ConsensusEngine][Stop ConsensusEngineBase]
info|2022-08-08 03:23:15.475546|[CONSENSUS][ConsensusEngine]ConsensusEngineBase stopped
info|2022-08-08 03:23:15.475585|[LEDGER]sealer stopped. stop sync,groupID=1
info|2022-08-08 03:23:15.476453|[g:1] [SYNC][id:180d17cd...]SyncMsgEngine stopped
info|2022-08-08 03:23:15.492005|[GossipBlockStatus]stop GossipBlockStatus succ
info|2022-08-08 03:23:16.364933|[NETWORK][Host]Connecting to node,endpoint=127.0.0.1:30303
info|2022-08-08 03:23:16.365023|[P2P][Service] heartBeat,connected count=2
info|2022-08-08 03:23:16.365260|[NETWORK][ASIO]asyncResolveConnect,endpoint=127.0.0.1:30303
info|2022-08-08 03:23:16.365587|[NETWORK][Host]P2P Recv Connect, From=127.0.0.1:43888
info|2022-08-08 03:23:16.365630|[NETWORK][Host]P2P StartAccept,Host=0.0.0.0:30301
error|2022-08-08 03:23:16.366607|[NETWORK][Host]Get ca basic failed
info|2022-08-08 03:23:16.373296|[NETWORK][Host]handshakeClient succ,local endpoint=127.0.0.1:54602
info|2022-08-08 03:23:16.373459|[NETWORK][Host]startPeerSession, Remote=127.0.0.1:30303,local endpoint=127.0.0.1:54602,nodeID=9d3948aa...
info|2022-08-08 03:23:16.373600|[P2P][Service] Connection established,nodeID=9d3948aa...,endpoint=127.0.0.1:30303
error|2022-08-08 03:23:16.377180|[NETWORK][Host]Get ca basic failed
info|2022-08-08 03:23:16.379829|[NETWORK][Host]handshakeServer succ,remote endpoint=127.0.0.1:43888
info|2022-08-08 03:23:16.379869|[NETWORK][Host]startPeerSession, Remote=127.0.0.1:43888,local endpoint=127.0.0.1:30301,nodeID=9d3948aa...
info|2022-08-08 03:23:16.583293|[SYNC][id:180d17cd...][g:1]SyncMaster stopped
info|2022-08-08 03:23:16.583328|[LEDGER]sync stopped. stop event filter manager,groupID=1
info|2022-08-08 03:23:16.668613|[EVENT][EventLogFilterManager]stop
info|2022-08-08 03:23:16.668638|[LEDGER]event filter manager stopped. stop tx pool,groupID=1
info|2022-08-08 03:23:16.668936|[LEDGER]removeNetworkStatHandlerByGroupID and removeGroupBandwidthLimiter for service,groupID=1
info|2022-08-08 03:23:16.668945|[CHANNEL]removeSDKAllowListByGroupId,groupId=1
info|2022-08-08 03:23:16.668950|[INITIALIZER]ledgerInitializer stopped
info|2022-08-08 03:23:17.669483|[INITIALIZER]ChannelRPCHttpServer deleted.
info|2022-08-08 03:23:17.670112|[INITIALIZER]JsonrpcHttpServer deleted.
info|2022-08-08 03:23:17.670144|[INITIALIZER]RPCInitializer stopped
info|2022-08-08 03:23:17.670207|[NETWORK][Host]Host exit
info|2022-08-08 03:23:17.671060|[INITIALIZER]P2PInitializer stopped
info|2022-08-08 03:23:17.671094|[LEDGER]stop sealer,groupID=1
info|2022-08-08 03:23:17.671101|[LEDGER]sealer stopped. stop sync,groupID=1
info|2022-08-08 03:23:17.671109|[g:1] [SYNC][id:180d17cd...]SyncMsgEngine stopped
info|2022-08-08 03:23:17.671142|[GossipBlockStatus]GossipBlockStatus already stopped
info|2022-08-08 03:23:17.671148|[SYNC][id:180d17cd...][g:1]SyncMaster stopped
info|2022-08-08 03:23:17.671154|[LEDGER]sync stopped. stop event filter manager,groupID=1
info|2022-08-08 03:23:17.671157|[LEDGER]event filter manager stopped. stop tx pool,groupID=1
info|2022-08-08 03:23:17.671163|[LEDGER]removeNetworkStatHandlerByGroupID and removeGroupBandwidthLimiter for service,groupID=1
info|2022-08-08 03:23:17.671190|[g:1][STORAGE][CachedStorage]Stopping flushStorage thread
info|2022-08-08 03:23:18.440468|[g:1][STORAGE][CachedStorage]flushStorage thread stopped.
info|2022-08-08 03:23:18.440484|[DBINITIALIZER] storage stopped
info|2022-08-08 03:23:18.441635|[g:1] [SYNC][id:180d17cd...]SyncMsgEngine stopped
info|2022-08-08 03:23:18.441646|[GossipBlockStatus]GossipBlockStatus already stopped
info|2022-08-08 03:23:18.441650|[SYNC][id:180d17cd...][g:1]SyncMaster stopped
info|2022-08-08 03:23:18.441662|[g:1] [SYNC][id:180d17cd...]SyncMsgEngine stopped
